<?xml version="1.0" encoding="UTF-8"?>
<testsuite xmlns:xsi="http://www.w3.org/2001/XMLSchema-instance" xsi:noNamespaceSchemaLocation="https://maven.apache.org/surefire/maven-surefire-plugin/xsd/surefire-test-report-3.0.xsd" version="3.0" name="esiea.api.VoitureAPITest" time="3.687" tests="9" errors="0" skipped="0" failures="0">
  <properties>
    <property name="sun.desktop" value="windows"/>
    <property name="awt.toolkit" value="sun.awt.windows.WToolkit"/>
    <property name="file.encoding.pkg" value="sun.io"/>
    <property name="java.specification.version" value="1.8"/>
    <property name="sun.cpu.isalist" value="amd64"/>
    <property name="sun.jnu.encoding" value="Cp1252"/>
    <property name="java.class.path" value="F:\QA\esieaBack\target\test-classes;F:\QA\esieaBack\target\classes;C:\Users\ng200\.m2\repository\junit\junit\4.13.2\junit-4.13.2.jar;C:\Users\ng200\.m2\repository\org\hamcrest\hamcrest-core\1.3\hamcrest-core-1.3.jar;C:\Users\ng200\.m2\repository\io\rest-assured\rest-assured\4.4.0\rest-assured-4.4.0.jar;C:\Users\ng200\.m2\repository\org\codehaus\groovy\groovy\3.0.8\groovy-3.0.8.jar;C:\Users\ng200\.m2\repository\org\codehaus\groovy\groovy-xml\3.0.8\groovy-xml-3.0.8.jar;C:\Users\ng200\.m2\repository\org\apache\httpcomponents\httpclient\4.5.13\httpclient-4.5.13.jar;C:\Users\ng200\.m2\repository\org\apache\httpcomponents\httpcore\4.4.13\httpcore-4.4.13.jar;C:\Users\ng200\.m2\repository\commons-logging\commons-logging\1.2\commons-logging-1.2.jar;C:\Users\ng200\.m2\repository\commons-codec\commons-codec\1.11\commons-codec-1.11.jar;C:\Users\ng200\.m2\repository\org\apache\httpcomponents\httpmime\4.5.13\httpmime-4.5.13.jar;C:\Users\ng200\.m2\repository\org\hamcrest\hamcrest\2.1\hamcrest-2.1.jar;C:\Users\ng200\.m2\repository\org\ccil\cowan\tagsoup\tagsoup\1.2.1\tagsoup-1.2.1.jar;C:\Users\ng200\.m2\repository\io\rest-assured\json-path\4.4.0\json-path-4.4.0.jar;C:\Users\ng200\.m2\repository\org\codehaus\groovy\groovy-json\3.0.8\groovy-json-3.0.8.jar;C:\Users\ng200\.m2\repository\io\rest-assured\rest-assured-common\4.4.0\rest-assured-common-4.4.0.jar;C:\Users\ng200\.m2\repository\io\rest-assured\xml-path\4.4.0\xml-path-4.4.0.jar;C:\Users\ng200\.m2\repository\org\apache\commons\commons-lang3\3.11\commons-lang3-3.11.jar;C:\Users\ng200\.m2\repository\jakarta\xml\bind\jakarta.xml.bind-api\2.3.3\jakarta.xml.bind-api-2.3.3.jar;C:\Users\ng200\.m2\repository\jakarta\activation\jakarta.activation-api\1.2.2\jakarta.activation-api-1.2.2.jar;C:\Users\ng200\.m2\repository\com\sun\xml\bind\jaxb-impl\2.3.3\jaxb-impl-2.3.3.jar;C:\Users\ng200\.m2\repository\com\h2database\h2\2.2.224\h2-2.2.224.jar;C:\Users\ng200\.m2\repository\javax\servlet\javax.servlet-api\3.1.0\javax.servlet-api-3.1.0.jar;C:\Users\ng200\.m2\repository\asm\asm\3.3.1\asm-3.3.1.jar;C:\Users\ng200\.m2\repository\org\mockito\mockito-core\3.12.4\mockito-core-3.12.4.jar;C:\Users\ng200\.m2\repository\net\bytebuddy\byte-buddy\1.11.13\byte-buddy-1.11.13.jar;C:\Users\ng200\.m2\repository\net\bytebuddy\byte-buddy-agent\1.11.13\byte-buddy-agent-1.11.13.jar;C:\Users\ng200\.m2\repository\org\objenesis\objenesis\3.2\objenesis-3.2.jar;C:\Users\ng200\.m2\repository\com\sun\jersey\jersey-bundle\1.19.2\jersey-bundle-1.19.2.jar;C:\Users\ng200\.m2\repository\javax\ws\rs\jsr311-api\1.1.1\jsr311-api-1.1.1.jar;C:\Users\ng200\.m2\repository\org\json\json\20160810\json-20160810.jar;C:\Users\ng200\.m2\repository\com\sun\jersey\jersey-server\1.19.2\jersey-server-1.19.2.jar;C:\Users\ng200\.m2\repository\com\sun\jersey\jersey-core\1.19.2\jersey-core-1.19.2.jar;C:\Users\ng200\.m2\repository\javax\xml\bind\jaxb-api\2.3.1\jaxb-api-2.3.1.jar;C:\Users\ng200\.m2\repository\javax\activation\javax.activation-api\1.2.0\javax.activation-api-1.2.0.jar;C:\Users\ng200\.m2\repository\mysql\mysql-connector-java\8.0.25\mysql-connector-java-8.0.25.jar;C:\Users\ng200\.m2\repository\com\google\protobuf\protobuf-java\3.11.4\protobuf-java-3.11.4.jar;C:\Users\ng200\.m2\repository\org\powermock\powermock-api-mockito2\2.0.9\powermock-api-mockito2-2.0.9.jar;C:\Users\ng200\.m2\repository\org\powermock\powermock-api-support\2.0.9\powermock-api-support-2.0.9.jar;C:\Users\ng200\.m2\repository\org\powermock\powermock-reflect\2.0.9\powermock-reflect-2.0.9.jar;C:\Users\ng200\.m2\repository\org\powermock\powermock-core\2.0.9\powermock-core-2.0.9.jar;C:\Users\ng200\.m2\repository\org\javassist\javassist\3.27.0-GA\javassist-3.27.0-GA.jar;C:\Users\ng200\.m2\repository\org\powermock\powermock-module-junit4\2.0.9\powermock-module-junit4-2.0.9.jar;C:\Users\ng200\.m2\repository\org\powermock\powermock-module-junit4-common\2.0.9\powermock-module-junit4-common-2.0.9.jar;C:\Users\ng200\.m2\repository\com\fasterxml\jackson\core\jackson-databind\2.9.8\jackson-databind-2.9.8.jar;C:\Users\ng200\.m2\repository\com\fasterxml\jackson\core\jackson-annotations\2.9.0\jackson-annotations-2.9.0.jar;C:\Users\ng200\.m2\repository\com\fasterxml\jackson\core\jackson-core\2.9.8\jackson-core-2.9.8.jar;C:\Users\ng200\.m2\repository\log4j\log4j\1.2.17\log4j-1.2.17.jar;"/>
    <property name="java.vm.vendor" value="Amazon.com Inc."/>
    <property name="sun.arch.data.model" value="64"/>
    <property name="user.variant" value=""/>
    <property name="java.vendor.url" value="https://aws.amazon.com/corretto/"/>
    <property name="user.timezone" value="Europe/Berlin"/>
    <property name="java.vm.specification.version" value="1.8"/>
    <property name="os.name" value="Windows 10"/>
    <property name="user.country" value="FR"/>
    <property name="sun.java.launcher" value="SUN_STANDARD"/>
    <property name="sun.boot.library.path" value="C:\Users\ng200\.jdks\corretto-1.8.0_392\jre\bin"/>
    <property name="sun.java.command" value="C:\Users\ng200\AppData\Local\Temp\surefire7071200423590161522\surefirebooter-20231031095445545_3.jar C:\Users\ng200\AppData\Local\Temp\surefire7071200423590161522 2023-10-31T09-54-45_389-jvmRun1 surefire-20231031095445545_1tmp surefire_0-20231031095445545_2tmp"/>
    <property name="surefire.test.class.path" value="F:\QA\esieaBack\target\test-classes;F:\QA\esieaBack\target\classes;C:\Users\ng200\.m2\repository\junit\junit\4.13.2\junit-4.13.2.jar;C:\Users\ng200\.m2\repository\org\hamcrest\hamcrest-core\1.3\hamcrest-core-1.3.jar;C:\Users\ng200\.m2\repository\io\rest-assured\rest-assured\4.4.0\rest-assured-4.4.0.jar;C:\Users\ng200\.m2\repository\org\codehaus\groovy\groovy\3.0.8\groovy-3.0.8.jar;C:\Users\ng200\.m2\repository\org\codehaus\groovy\groovy-xml\3.0.8\groovy-xml-3.0.8.jar;C:\Users\ng200\.m2\repository\org\apache\httpcomponents\httpclient\4.5.13\httpclient-4.5.13.jar;C:\Users\ng200\.m2\repository\org\apache\httpcomponents\httpcore\4.4.13\httpcore-4.4.13.jar;C:\Users\ng200\.m2\repository\commons-logging\commons-logging\1.2\commons-logging-1.2.jar;C:\Users\ng200\.m2\repository\commons-codec\commons-codec\1.11\commons-codec-1.11.jar;C:\Users\ng200\.m2\repository\org\apache\httpcomponents\httpmime\4.5.13\httpmime-4.5.13.jar;C:\Users\ng200\.m2\repository\org\hamcrest\hamcrest\2.1\hamcrest-2.1.jar;C:\Users\ng200\.m2\repository\org\ccil\cowan\tagsoup\tagsoup\1.2.1\tagsoup-1.2.1.jar;C:\Users\ng200\.m2\repository\io\rest-assured\json-path\4.4.0\json-path-4.4.0.jar;C:\Users\ng200\.m2\repository\org\codehaus\groovy\groovy-json\3.0.8\groovy-json-3.0.8.jar;C:\Users\ng200\.m2\repository\io\rest-assured\rest-assured-common\4.4.0\rest-assured-common-4.4.0.jar;C:\Users\ng200\.m2\repository\io\rest-assured\xml-path\4.4.0\xml-path-4.4.0.jar;C:\Users\ng200\.m2\repository\org\apache\commons\commons-lang3\3.11\commons-lang3-3.11.jar;C:\Users\ng200\.m2\repository\jakarta\xml\bind\jakarta.xml.bind-api\2.3.3\jakarta.xml.bind-api-2.3.3.jar;C:\Users\ng200\.m2\repository\jakarta\activation\jakarta.activation-api\1.2.2\jakarta.activation-api-1.2.2.jar;C:\Users\ng200\.m2\repository\com\sun\xml\bind\jaxb-impl\2.3.3\jaxb-impl-2.3.3.jar;C:\Users\ng200\.m2\repository\com\h2database\h2\2.2.224\h2-2.2.224.jar;C:\Users\ng200\.m2\repository\javax\servlet\javax.servlet-api\3.1.0\javax.servlet-api-3.1.0.jar;C:\Users\ng200\.m2\repository\asm\asm\3.3.1\asm-3.3.1.jar;C:\Users\ng200\.m2\repository\org\mockito\mockito-core\3.12.4\mockito-core-3.12.4.jar;C:\Users\ng200\.m2\repository\net\bytebuddy\byte-buddy\1.11.13\byte-buddy-1.11.13.jar;C:\Users\ng200\.m2\repository\net\bytebuddy\byte-buddy-agent\1.11.13\byte-buddy-agent-1.11.13.jar;C:\Users\ng200\.m2\repository\org\objenesis\objenesis\3.2\objenesis-3.2.jar;C:\Users\ng200\.m2\repository\com\sun\jersey\jersey-bundle\1.19.2\jersey-bundle-1.19.2.jar;C:\Users\ng200\.m2\repository\javax\ws\rs\jsr311-api\1.1.1\jsr311-api-1.1.1.jar;C:\Users\ng200\.m2\repository\org\json\json\20160810\json-20160810.jar;C:\Users\ng200\.m2\repository\com\sun\jersey\jersey-server\1.19.2\jersey-server-1.19.2.jar;C:\Users\ng200\.m2\repository\com\sun\jersey\jersey-core\1.19.2\jersey-core-1.19.2.jar;C:\Users\ng200\.m2\repository\javax\xml\bind\jaxb-api\2.3.1\jaxb-api-2.3.1.jar;C:\Users\ng200\.m2\repository\javax\activation\javax.activation-api\1.2.0\javax.activation-api-1.2.0.jar;C:\Users\ng200\.m2\repository\mysql\mysql-connector-java\8.0.25\mysql-connector-java-8.0.25.jar;C:\Users\ng200\.m2\repository\com\google\protobuf\protobuf-java\3.11.4\protobuf-java-3.11.4.jar;C:\Users\ng200\.m2\repository\org\powermock\powermock-api-mockito2\2.0.9\powermock-api-mockito2-2.0.9.jar;C:\Users\ng200\.m2\repository\org\powermock\powermock-api-support\2.0.9\powermock-api-support-2.0.9.jar;C:\Users\ng200\.m2\repository\org\powermock\powermock-reflect\2.0.9\powermock-reflect-2.0.9.jar;C:\Users\ng200\.m2\repository\org\powermock\powermock-core\2.0.9\powermock-core-2.0.9.jar;C:\Users\ng200\.m2\repository\org\javassist\javassist\3.27.0-GA\javassist-3.27.0-GA.jar;C:\Users\ng200\.m2\repository\org\powermock\powermock-module-junit4\2.0.9\powermock-module-junit4-2.0.9.jar;C:\Users\ng200\.m2\repository\org\powermock\powermock-module-junit4-common\2.0.9\powermock-module-junit4-common-2.0.9.jar;C:\Users\ng200\.m2\repository\com\fasterxml\jackson\core\jackson-databind\2.9.8\jackson-databind-2.9.8.jar;C:\Users\ng200\.m2\repository\com\fasterxml\jackson\core\jackson-annotations\2.9.0\jackson-annotations-2.9.0.jar;C:\Users\ng200\.m2\repository\com\fasterxml\jackson\core\jackson-core\2.9.8\jackson-core-2.9.8.jar;C:\Users\ng200\.m2\repository\log4j\log4j\1.2.17\log4j-1.2.17.jar;"/>
    <property name="sun.cpu.endian" value="little"/>
    <property name="user.home" value="C:\Users\ng200"/>
    <property name="user.language" value="fr"/>
    <property name="java.specification.vendor" value="Oracle Corporation"/>
    <property name="java.home" value="C:\Users\ng200\.jdks\corretto-1.8.0_392\jre"/>
    <property name="basedir" value="F:\QA\esieaBack"/>
    <property name="file.separator" value="\"/>
    <property name="line.separator" value="&#10;"/>
    <property name="java.vm.specification.vendor" value="Oracle Corporation"/>
    <property name="java.specification.name" value="Java Platform API Specification"/>
    <property name="java.awt.graphicsenv" value="sun.awt.Win32GraphicsEnvironment"/>
    <property name="surefire.real.class.path" value="C:\Users\ng200\AppData\Local\Temp\surefire7071200423590161522\surefirebooter-20231031095445545_3.jar;C:\\Users\\ng200\\.m2\\repository\\org\\jacoco\\org.jacoco.agent\\0.8.7\\org.jacoco.agent-0.8.7-runtime.jar"/>
    <property name="sun.boot.class.path" value="C:\Users\ng200\.jdks\corretto-1.8.0_392\jre\lib\resources.jar;C:\Users\ng200\.jdks\corretto-1.8.0_392\jre\lib\rt.jar;C:\Users\ng200\.jdks\corretto-1.8.0_392\jre\lib\sunrsasign.jar;C:\Users\ng200\.jdks\corretto-1.8.0_392\jre\lib\jsse.jar;C:\Users\ng200\.jdks\corretto-1.8.0_392\jre\lib\jce.jar;C:\Users\ng200\.jdks\corretto-1.8.0_392\jre\lib\charsets.jar;C:\Users\ng200\.jdks\corretto-1.8.0_392\jre\lib\jfr.jar;C:\Users\ng200\.jdks\corretto-1.8.0_392\jre\classes"/>
    <property name="user.script" value=""/>
    <property name="sun.management.compiler" value="HotSpot 64-Bit Tiered Compilers"/>
    <property name="java.runtime.version" value="1.8.0_392-b08"/>
    <property name="user.name" value="ng200"/>
    <property name="path.separator" value=";"/>
    <property name="os.version" value="10.0"/>
    <property name="java.endorsed.dirs" value="C:\Users\ng200\.jdks\corretto-1.8.0_392\jre\lib\endorsed"/>
    <property name="java.runtime.name" value="OpenJDK Runtime Environment"/>
    <property name="file.encoding" value="Cp1252"/>
    <property name="java.vm.name" value="OpenJDK 64-Bit Server VM"/>
    <property name="localRepository" value="C:\Users\ng200\.m2\repository"/>
    <property name="java.vendor.url.bug" value="https://github.com/corretto/corretto-8/issues/"/>
    <property name="java.io.tmpdir" value="C:\Users\ng200\AppData\Local\Temp\"/>
    <property name="idea.version" value="2021.3.1"/>
    <property name="java.version" value="1.8.0_392"/>
    <property name="user.dir" value="F:\QA\esieaBack"/>
    <property name="os.arch" value="amd64"/>
    <property name="java.vm.specification.name" value="Java Virtual Machine Specification"/>
    <property name="java.awt.printerjob" value="sun.awt.windows.WPrinterJob"/>
    <property name="sun.os.patch.level" value=""/>
    <property name="java.library.path" value="C:\Users\ng200\.jdks\corretto-1.8.0_392\jre\bin;C:\WINDOWS\Sun\Java\bin;C:\WINDOWS\system32;C:\WINDOWS;C:\Program Files\Common Files\Oracle\Java\javapath;C:\ProgramData\Oracle\Java\javapath;C:\Program Files\PostgreSQL\15\bin;C:\Program Files\NVIDIA GPU Computing Toolkit\CUDA\v12.1\bin;C:\Program Files\NVIDIA GPU Computing Toolkit\CUDA\v12.1\libnvvp;C:\Program Files (x86)\Razer Chroma SDK\bin;C:\Program Files\Razer Chroma SDK\bin;C:\Program Files\Eclipse Adoptium\jdk-17.0.6.10-hotspot\bin;C:\Program Files (x86)\Razer\ChromaBroadcast\bin;C:\Program Files\Razer\ChromaBroadcast\bin;C:\ProgramData\Microsoft\Windows\Start Menu\Programs\Node.js;C:\Program Files\nodejs\;C:\WINDOWS\system32\config\systemprofile\AppData\Local\Microsoft\WindowsApps;C:\Program Files\NVIDIA Corporation\NVIDIA NvDLISR;C:\Program Files\NVIDIA Corporation\Nsight Compute 2023.1.0\;C:\ProgramData\ComposerSetup\bin;C:\Windows\System32;;C:\Program Files\Docker\Docker\resources\bin;C:\Program Files\PuTTY\;C:\Program Files\Amazon\AWSCLIV2\;C:\Users\ng200\scoop\shims;C:\Users\ng200\AppData\Local\Programs\Python\Python310\Scripts;C:\Program Files\MongoDB\Server\6.0\bin;C:\Users\ng200\AppData\Local\Microsoft\WindowsApps;C:\Program Files\apache-maven-3.8.4\bin;C:\Program Files (x86)\Java\jdk-16.0.1\bin;C:\Program Files\apache-maven-3.8.4\bin;C:\ProgramData\Microsoft\Windows\Start Menu\Programs\Node.js;C:\Program Files\PostgreSQL\15\bin;C:\Program Files\PostgreSQL\15\lib;C:\Program Files\OpenSSL-Win64\bin;C:\Users\ng200\AppData\Roaming\npm;C:\Users\ng200\AppData\Roaming\Composer\vendor\bin;F:\winutils-master\hadoop-3.0.0\bin;C:\Program Files\MySQL\MySQL Server 8.1\bin;;."/>
    <property name="java.vm.info" value="mixed mode"/>
    <property name="java.vendor" value="Amazon.com Inc."/>
    <property name="java.vm.version" value="25.392-b08"/>
    <property name="java.specification.maintenance.version" value="5"/>
    <property name="java.ext.dirs" value="C:\Users\ng200\.jdks\corretto-1.8.0_392\jre\lib\ext;C:\WINDOWS\Sun\Java\lib\ext"/>
    <property name="sun.io.unicode.encoding" value="UnicodeLittle"/>
    <property name="java.class.version" value="52.0"/>
  </properties>
  <testcase name="testAjouterVoitureAvecEchec" classname="esiea.api.VoitureAPITest" time="1.259">
    <system-out><![CDATA[log4j: reset attribute= "false".
log4j: Threshold ="null".
log4j: Class name: [org.apache.log4j.FileAppender]
log4j: Setting property [append] to [false].
log4j: Setting property [file] to [/logs/stockcar_out.log].
log4j: Parsing layout of class: "org.apache.log4j.PatternLayout"
log4j: Setting property [conversionPattern] to [%d{yyyy-MM-dd HH:mm:ss} %-5p %c{1}:%L - %m%n].
log4j: setFile called: /logs/stockcar_out.log, false
log4j: setFile ended
log4j: Adding appender named [filedebug] to category [root].
log4j: Class name: [org.apache.log4j.FileAppender]
log4j: Setting property [append] to [false].
log4j: Setting property [file] to [/logs/stockcar_err.log].
log4j: Parsing layout of class: "org.apache.log4j.PatternLayout"
log4j: Setting property [conversionPattern] to [%d{yyyy-MM-dd HH:mm:ss} %-5p %c{1}:%L - %m%n].
log4j: setFile called: /logs/stockcar_err.log, false
log4j: setFile ended
log4j: Adding appender named [fileerror] to category [root].
log4j: Class name: [org.apache.log4j.ConsoleAppender]
log4j: Parsing layout of class: "org.apache.log4j.PatternLayout"
log4j: Setting property [conversionPattern] to [%d{yyyy-MM-dd HH:mm:ss} %-5p %c{1}:%L - %m%n].
log4j: Adding appender named [console] to category [root].
]]></system-out>
    <system-err><![CDATA[log4j:ERROR Could not instantiate class [org.apache.log4j.varia.LevelRangerFilter].
java.lang.ClassNotFoundException: org.apache.log4j.varia.LevelRangerFilter
	at java.net.URLClassLoader.findClass(URLClassLoader.java:387)
	at java.lang.ClassLoader.loadClass(ClassLoader.java:418)
	at sun.misc.Launcher$AppClassLoader.loadClass(Launcher.java:352)
	at java.lang.ClassLoader.loadClass(ClassLoader.java:351)
	at java.lang.Class.forName0(Native Method)
	at java.lang.Class.forName(Class.java:264)
	at org.apache.log4j.helpers.Loader.loadClass(Loader.java:198)
	at org.apache.log4j.helpers.OptionConverter.instantiateByClassName(OptionConverter.java:327)
	at org.apache.log4j.xml.DOMConfigurator.parseFilters(DOMConfigurator.java:360)
	at org.apache.log4j.xml.DOMConfigurator.parseAppender(DOMConfigurator.java:273)
	at org.apache.log4j.xml.DOMConfigurator.findAppenderByName(DOMConfigurator.java:176)
	at org.apache.log4j.xml.DOMConfigurator.findAppenderByReference(DOMConfigurator.java:191)
	at org.apache.log4j.xml.DOMConfigurator.parseChildrenOfLoggerElement(DOMConfigurator.java:523)
	at org.apache.log4j.xml.DOMConfigurator.parseRoot(DOMConfigurator.java:492)
	at org.apache.log4j.xml.DOMConfigurator.parse(DOMConfigurator.java:1006)
	at org.apache.log4j.xml.DOMConfigurator.doConfigure(DOMConfigurator.java:872)
	at org.apache.log4j.xml.DOMConfigurator.doConfigure(DOMConfigurator.java:778)
	at org.apache.log4j.helpers.OptionConverter.selectAndConfigure(OptionConverter.java:526)
	at org.apache.log4j.LogManager.<clinit>(LogManager.java:127)
	at org.apache.log4j.Logger.getLogger(Logger.java:117)
	at esiea.dao.VoitureDAO.<clinit>(VoitureDAO.java:20)
	at sun.reflect.GeneratedSerializationConstructorAccessor2.newInstance(Unknown Source)
	at java.lang.reflect.Constructor.newInstance(Constructor.java:423)
	at org.objenesis.instantiator.sun.SunReflectionFactoryInstantiator.newInstance(SunReflectionFactoryInstantiator.java:48)
	at org.objenesis.ObjenesisBase.newInstance(ObjenesisBase.java:73)
	at org.mockito.internal.creation.instance.ObjenesisInstantiator.newInstance(ObjenesisInstantiator.java:22)
	at org.mockito.internal.creation.bytebuddy.SubclassByteBuddyMockMaker.createMock(SubclassByteBuddyMockMaker.java:48)
	at org.mockito.internal.creation.bytebuddy.ByteBuddyMockMaker.createMock(ByteBuddyMockMaker.java:43)
	at org.powermock.api.mockito.mockmaker.PowerMockMaker.createMock(PowerMockMaker.java:41)
	at org.mockito.internal.util.MockUtil.createMock(MockUtil.java:53)
	at org.mockito.internal.MockitoCore.mock(MockitoCore.java:84)
	at org.mockito.Mockito.mock(Mockito.java:1964)
	at org.mockito.internal.configuration.MockAnnotationProcessor.processAnnotationForMock(MockAnnotationProcessor.java:66)
	at org.mockito.internal.configuration.MockAnnotationProcessor.process(MockAnnotationProcessor.java:27)
	at org.mockito.internal.configuration.MockAnnotationProcessor.process(MockAnnotationProcessor.java:24)
	at org.mockito.internal.configuration.IndependentAnnotationEngine.createMockFor(IndependentAnnotationEngine.java:45)
	at org.mockito.internal.configuration.IndependentAnnotationEngine.process(IndependentAnnotationEngine.java:73)
	at org.mockito.internal.configuration.InjectingAnnotationEngine.processIndependentAnnotations(InjectingAnnotationEngine.java:74)
	at org.mockito.internal.configuration.InjectingAnnotationEngine.process(InjectingAnnotationEngine.java:48)
	at org.mockito.MockitoAnnotations.openMocks(MockitoAnnotations.java:82)
	at org.mockito.internal.runners.DefaultInternalRunner$1$1.evaluate(DefaultInternalRunner.java:50)
	at org.junit.runners.ParentRunner$3.evaluate(ParentRunner.java:306)
	at org.junit.runners.BlockJUnit4ClassRunner$1.evaluate(BlockJUnit4ClassRunner.java:100)
	at org.junit.runners.ParentRunner.runLeaf(ParentRunner.java:366)
	at org.junit.runners.BlockJUnit4ClassRunner.runChild(BlockJUnit4ClassRunner.java:103)
	at org.junit.runners.BlockJUnit4ClassRunner.runChild(BlockJUnit4ClassRunner.java:63)
	at org.junit.runners.ParentRunner$4.run(ParentRunner.java:331)
	at org.junit.runners.ParentRunner$1.schedule(ParentRunner.java:79)
	at org.junit.runners.ParentRunner.runChildren(ParentRunner.java:329)
	at org.junit.runners.ParentRunner.access$100(ParentRunner.java:66)
	at org.junit.runners.ParentRunner$2.evaluate(ParentRunner.java:293)
	at org.junit.runners.ParentRunner$3.evaluate(ParentRunner.java:306)
	at org.junit.runners.ParentRunner.run(ParentRunner.java:413)
	at org.mockito.internal.runners.DefaultInternalRunner$1.run(DefaultInternalRunner.java:100)
	at org.mockito.internal.runners.DefaultInternalRunner.run(DefaultInternalRunner.java:107)
	at org.mockito.internal.runners.StrictRunner.run(StrictRunner.java:41)
	at org.mockito.junit.MockitoJUnitRunner.run(MockitoJUnitRunner.java:163)
	at org.apache.maven.surefire.junit4.JUnit4Provider.execute(JUnit4Provider.java:316)
	at org.apache.maven.surefire.junit4.JUnit4Provider.executeWithRerun(JUnit4Provider.java:240)
	at org.apache.maven.surefire.junit4.JUnit4Provider.executeTestSet(JUnit4Provider.java:214)
	at org.apache.maven.surefire.junit4.JUnit4Provider.invoke(JUnit4Provider.java:155)
	at org.apache.maven.surefire.booter.ForkedBooter.runSuitesInProcess(ForkedBooter.java:385)
	at org.apache.maven.surefire.booter.ForkedBooter.execute(ForkedBooter.java:162)
	at org.apache.maven.surefire.booter.ForkedBooter.run(ForkedBooter.java:507)
	at org.apache.maven.surefire.booter.ForkedBooter.main(ForkedBooter.java:495)
log4j:ERROR Could not instantiate class [org.apache.log4j.varia.LevelRangerFilter].
java.lang.ClassNotFoundException: org.apache.log4j.varia.LevelRangerFilter
	at java.net.URLClassLoader.findClass(URLClassLoader.java:387)
	at java.lang.ClassLoader.loadClass(ClassLoader.java:418)
	at sun.misc.Launcher$AppClassLoader.loadClass(Launcher.java:352)
	at java.lang.ClassLoader.loadClass(ClassLoader.java:351)
	at java.lang.Class.forName0(Native Method)
	at java.lang.Class.forName(Class.java:264)
	at org.apache.log4j.helpers.Loader.loadClass(Loader.java:198)
	at org.apache.log4j.helpers.OptionConverter.instantiateByClassName(OptionConverter.java:327)
	at org.apache.log4j.xml.DOMConfigurator.parseFilters(DOMConfigurator.java:360)
	at org.apache.log4j.xml.DOMConfigurator.parseAppender(DOMConfigurator.java:273)
	at org.apache.log4j.xml.DOMConfigurator.findAppenderByName(DOMConfigurator.java:176)
	at org.apache.log4j.xml.DOMConfigurator.findAppenderByReference(DOMConfigurator.java:191)
	at org.apache.log4j.xml.DOMConfigurator.parseChildrenOfLoggerElement(DOMConfigurator.java:523)
	at org.apache.log4j.xml.DOMConfigurator.parseRoot(DOMConfigurator.java:492)
	at org.apache.log4j.xml.DOMConfigurator.parse(DOMConfigurator.java:1006)
	at org.apache.log4j.xml.DOMConfigurator.doConfigure(DOMConfigurator.java:872)
	at org.apache.log4j.xml.DOMConfigurator.doConfigure(DOMConfigurator.java:778)
	at org.apache.log4j.helpers.OptionConverter.selectAndConfigure(OptionConverter.java:526)
	at org.apache.log4j.LogManager.<clinit>(LogManager.java:127)
	at org.apache.log4j.Logger.getLogger(Logger.java:117)
	at esiea.dao.VoitureDAO.<clinit>(VoitureDAO.java:20)
	at sun.reflect.GeneratedSerializationConstructorAccessor2.newInstance(Unknown Source)
	at java.lang.reflect.Constructor.newInstance(Constructor.java:423)
	at org.objenesis.instantiator.sun.SunReflectionFactoryInstantiator.newInstance(SunReflectionFactoryInstantiator.java:48)
	at org.objenesis.ObjenesisBase.newInstance(ObjenesisBase.java:73)
	at org.mockito.internal.creation.instance.ObjenesisInstantiator.newInstance(ObjenesisInstantiator.java:22)
	at org.mockito.internal.creation.bytebuddy.SubclassByteBuddyMockMaker.createMock(SubclassByteBuddyMockMaker.java:48)
	at org.mockito.internal.creation.bytebuddy.ByteBuddyMockMaker.createMock(ByteBuddyMockMaker.java:43)
	at org.powermock.api.mockito.mockmaker.PowerMockMaker.createMock(PowerMockMaker.java:41)
	at org.mockito.internal.util.MockUtil.createMock(MockUtil.java:53)
	at org.mockito.internal.MockitoCore.mock(MockitoCore.java:84)
	at org.mockito.Mockito.mock(Mockito.java:1964)
	at org.mockito.internal.configuration.MockAnnotationProcessor.processAnnotationForMock(MockAnnotationProcessor.java:66)
	at org.mockito.internal.configuration.MockAnnotationProcessor.process(MockAnnotationProcessor.java:27)
	at org.mockito.internal.configuration.MockAnnotationProcessor.process(MockAnnotationProcessor.java:24)
	at org.mockito.internal.configuration.IndependentAnnotationEngine.createMockFor(IndependentAnnotationEngine.java:45)
	at org.mockito.internal.configuration.IndependentAnnotationEngine.process(IndependentAnnotationEngine.java:73)
	at org.mockito.internal.configuration.InjectingAnnotationEngine.processIndependentAnnotations(InjectingAnnotationEngine.java:74)
	at org.mockito.internal.configuration.InjectingAnnotationEngine.process(InjectingAnnotationEngine.java:48)
	at org.mockito.MockitoAnnotations.openMocks(MockitoAnnotations.java:82)
	at org.mockito.internal.runners.DefaultInternalRunner$1$1.evaluate(DefaultInternalRunner.java:50)
	at org.junit.runners.ParentRunner$3.evaluate(ParentRunner.java:306)
	at org.junit.runners.BlockJUnit4ClassRunner$1.evaluate(BlockJUnit4ClassRunner.java:100)
	at org.junit.runners.ParentRunner.runLeaf(ParentRunner.java:366)
	at org.junit.runners.BlockJUnit4ClassRunner.runChild(BlockJUnit4ClassRunner.java:103)
	at org.junit.runners.BlockJUnit4ClassRunner.runChild(BlockJUnit4ClassRunner.java:63)
	at org.junit.runners.ParentRunner$4.run(ParentRunner.java:331)
	at org.junit.runners.ParentRunner$1.schedule(ParentRunner.java:79)
	at org.junit.runners.ParentRunner.runChildren(ParentRunner.java:329)
	at org.junit.runners.ParentRunner.access$100(ParentRunner.java:66)
	at org.junit.runners.ParentRunner$2.evaluate(ParentRunner.java:293)
	at org.junit.runners.ParentRunner$3.evaluate(ParentRunner.java:306)
	at org.junit.runners.ParentRunner.run(ParentRunner.java:413)
	at org.mockito.internal.runners.DefaultInternalRunner$1.run(DefaultInternalRunner.java:100)
	at org.mockito.internal.runners.DefaultInternalRunner.run(DefaultInternalRunner.java:107)
	at org.mockito.internal.runners.StrictRunner.run(StrictRunner.java:41)
	at org.mockito.junit.MockitoJUnitRunner.run(MockitoJUnitRunner.java:163)
	at org.apache.maven.surefire.junit4.JUnit4Provider.execute(JUnit4Provider.java:316)
	at org.apache.maven.surefire.junit4.JUnit4Provider.executeWithRerun(JUnit4Provider.java:240)
	at org.apache.maven.surefire.junit4.JUnit4Provider.executeTestSet(JUnit4Provider.java:214)
	at org.apache.maven.surefire.junit4.JUnit4Provider.invoke(JUnit4Provider.java:155)
	at org.apache.maven.surefire.booter.ForkedBooter.runSuitesInProcess(ForkedBooter.java:385)
	at org.apache.maven.surefire.booter.ForkedBooter.execute(ForkedBooter.java:162)
	at org.apache.maven.surefire.booter.ForkedBooter.run(ForkedBooter.java:507)
	at org.apache.maven.surefire.booter.ForkedBooter.main(ForkedBooter.java:495)
java.sql.SQLException: Erreur SQL simulée
	at esiea.api.VoitureAPI.ajouterVoiture(VoitureAPI.java:84)
	at esiea.api.VoitureAPITest.testAjouterVoitureAvecEchec(VoitureAPITest.java:66)
	at org.junit.runners.model.FrameworkMethod$1.runReflectiveCall(FrameworkMethod.java:59)
	at org.junit.internal.runners.model.ReflectiveCallable.run(ReflectiveCallable.java:12)
	at org.junit.runners.model.FrameworkMethod.invokeExplosively(FrameworkMethod.java:56)
	at org.junit.internal.runners.statements.InvokeMethod.evaluate(InvokeMethod.java:17)
	at org.junit.internal.runners.statements.RunBefores.evaluate(RunBefores.java:26)
	at org.mockito.internal.runners.DefaultInternalRunner$1$1.evaluate(DefaultInternalRunner.java:55)
	at org.junit.runners.ParentRunner$3.evaluate(ParentRunner.java:306)
	at org.junit.runners.BlockJUnit4ClassRunner$1.evaluate(BlockJUnit4ClassRunner.java:100)
	at org.junit.runners.ParentRunner.runLeaf(ParentRunner.java:366)
	at org.junit.runners.BlockJUnit4ClassRunner.runChild(BlockJUnit4ClassRunner.java:103)
	at org.junit.runners.BlockJUnit4ClassRunner.runChild(BlockJUnit4ClassRunner.java:63)
	at org.junit.runners.ParentRunner$4.run(ParentRunner.java:331)
	at org.junit.runners.ParentRunner$1.schedule(ParentRunner.java:79)
	at org.junit.runners.ParentRunner.runChildren(ParentRunner.java:329)
	at org.junit.runners.ParentRunner.access$100(ParentRunner.java:66)
	at org.junit.runners.ParentRunner$2.evaluate(ParentRunner.java:293)
	at org.junit.runners.ParentRunner$3.evaluate(ParentRunner.java:306)
	at org.junit.runners.ParentRunner.run(ParentRunner.java:413)
	at org.mockito.internal.runners.DefaultInternalRunner$1.run(DefaultInternalRunner.java:100)
	at org.mockito.internal.runners.DefaultInternalRunner.run(DefaultInternalRunner.java:107)
	at org.mockito.internal.runners.StrictRunner.run(StrictRunner.java:41)
	at org.mockito.junit.MockitoJUnitRunner.run(MockitoJUnitRunner.java:163)
	at org.apache.maven.surefire.junit4.JUnit4Provider.execute(JUnit4Provider.java:316)
	at org.apache.maven.surefire.junit4.JUnit4Provider.executeWithRerun(JUnit4Provider.java:240)
	at org.apache.maven.surefire.junit4.JUnit4Provider.executeTestSet(JUnit4Provider.java:214)
	at org.apache.maven.surefire.junit4.JUnit4Provider.invoke(JUnit4Provider.java:155)
	at org.apache.maven.surefire.booter.ForkedBooter.runSuitesInProcess(ForkedBooter.java:385)
	at org.apache.maven.surefire.booter.ForkedBooter.execute(ForkedBooter.java:162)
	at org.apache.maven.surefire.booter.ForkedBooter.run(ForkedBooter.java:507)
	at org.apache.maven.surefire.booter.ForkedBooter.main(ForkedBooter.java:495)
]]></system-err>
  </testcase>
  <testcase name="testSupprimerVoitureEchec" classname="esiea.api.VoitureAPITest" time="0.008">
    <system-err><![CDATA[java.sql.SQLException: Erreur SQL simulée
	at esiea.api.VoitureAPI.supprimerVoiture(VoitureAPI.java:106)
	at esiea.api.VoitureAPITest.testSupprimerVoitureEchec(VoitureAPITest.java:267)
	at org.junit.runners.model.FrameworkMethod$1.runReflectiveCall(FrameworkMethod.java:59)
	at org.junit.internal.runners.model.ReflectiveCallable.run(ReflectiveCallable.java:12)
	at org.junit.runners.model.FrameworkMethod.invokeExplosively(FrameworkMethod.java:56)
	at org.junit.internal.runners.statements.InvokeMethod.evaluate(InvokeMethod.java:17)
	at org.junit.internal.runners.statements.RunBefores.evaluate(RunBefores.java:26)
	at org.mockito.internal.runners.DefaultInternalRunner$1$1.evaluate(DefaultInternalRunner.java:55)
	at org.junit.runners.ParentRunner$3.evaluate(ParentRunner.java:306)
	at org.junit.runners.BlockJUnit4ClassRunner$1.evaluate(BlockJUnit4ClassRunner.java:100)
	at org.junit.runners.ParentRunner.runLeaf(ParentRunner.java:366)
	at org.junit.runners.BlockJUnit4ClassRunner.runChild(BlockJUnit4ClassRunner.java:103)
	at org.junit.runners.BlockJUnit4ClassRunner.runChild(BlockJUnit4ClassRunner.java:63)
	at org.junit.runners.ParentRunner$4.run(ParentRunner.java:331)
	at org.junit.runners.ParentRunner$1.schedule(ParentRunner.java:79)
	at org.junit.runners.ParentRunner.runChildren(ParentRunner.java:329)
	at org.junit.runners.ParentRunner.access$100(ParentRunner.java:66)
	at org.junit.runners.ParentRunner$2.evaluate(ParentRunner.java:293)
	at org.junit.runners.ParentRunner$3.evaluate(ParentRunner.java:306)
	at org.junit.runners.ParentRunner.run(ParentRunner.java:413)
	at org.mockito.internal.runners.DefaultInternalRunner$1.run(DefaultInternalRunner.java:100)
	at org.mockito.internal.runners.DefaultInternalRunner.run(DefaultInternalRunner.java:107)
	at org.mockito.internal.runners.StrictRunner.run(StrictRunner.java:41)
	at org.mockito.junit.MockitoJUnitRunner.run(MockitoJUnitRunner.java:163)
	at org.apache.maven.surefire.junit4.JUnit4Provider.execute(JUnit4Provider.java:316)
	at org.apache.maven.surefire.junit4.JUnit4Provider.executeWithRerun(JUnit4Provider.java:240)
	at org.apache.maven.surefire.junit4.JUnit4Provider.executeTestSet(JUnit4Provider.java:214)
	at org.apache.maven.surefire.junit4.JUnit4Provider.invoke(JUnit4Provider.java:155)
	at org.apache.maven.surefire.booter.ForkedBooter.runSuitesInProcess(ForkedBooter.java:385)
	at org.apache.maven.surefire.booter.ForkedBooter.execute(ForkedBooter.java:162)
	at org.apache.maven.surefire.booter.ForkedBooter.run(ForkedBooter.java:507)
	at org.apache.maven.surefire.booter.ForkedBooter.main(ForkedBooter.java:495)
]]></system-err>
  </testcase>
  <testcase name="testAjoutAvecException" classname="esiea.api.VoitureAPITest" time="0.007">
    <system-err><![CDATA[java.sql.SQLException: Erreur SQL simulée
	at esiea.api.VoitureAPI.ajouterVoiture(VoitureAPI.java:84)
	at esiea.api.VoitureAPITest.testAjoutAvecException(VoitureAPITest.java:118)
	at org.junit.runners.model.FrameworkMethod$1.runReflectiveCall(FrameworkMethod.java:59)
	at org.junit.internal.runners.model.ReflectiveCallable.run(ReflectiveCallable.java:12)
	at org.junit.runners.model.FrameworkMethod.invokeExplosively(FrameworkMethod.java:56)
	at org.junit.internal.runners.statements.InvokeMethod.evaluate(InvokeMethod.java:17)
	at org.junit.internal.runners.statements.RunBefores.evaluate(RunBefores.java:26)
	at org.mockito.internal.runners.DefaultInternalRunner$1$1.evaluate(DefaultInternalRunner.java:55)
	at org.junit.runners.ParentRunner$3.evaluate(ParentRunner.java:306)
	at org.junit.runners.BlockJUnit4ClassRunner$1.evaluate(BlockJUnit4ClassRunner.java:100)
	at org.junit.runners.ParentRunner.runLeaf(ParentRunner.java:366)
	at org.junit.runners.BlockJUnit4ClassRunner.runChild(BlockJUnit4ClassRunner.java:103)
	at org.junit.runners.BlockJUnit4ClassRunner.runChild(BlockJUnit4ClassRunner.java:63)
	at org.junit.runners.ParentRunner$4.run(ParentRunner.java:331)
	at org.junit.runners.ParentRunner$1.schedule(ParentRunner.java:79)
	at org.junit.runners.ParentRunner.runChildren(ParentRunner.java:329)
	at org.junit.runners.ParentRunner.access$100(ParentRunner.java:66)
	at org.junit.runners.ParentRunner$2.evaluate(ParentRunner.java:293)
	at org.junit.runners.ParentRunner$3.evaluate(ParentRunner.java:306)
	at org.junit.runners.ParentRunner.run(ParentRunner.java:413)
	at org.mockito.internal.runners.DefaultInternalRunner$1.run(DefaultInternalRunner.java:100)
	at org.mockito.internal.runners.DefaultInternalRunner.run(DefaultInternalRunner.java:107)
	at org.mockito.internal.runners.StrictRunner.run(StrictRunner.java:41)
	at org.mockito.junit.MockitoJUnitRunner.run(MockitoJUnitRunner.java:163)
	at org.apache.maven.surefire.junit4.JUnit4Provider.execute(JUnit4Provider.java:316)
	at org.apache.maven.surefire.junit4.JUnit4Provider.executeWithRerun(JUnit4Provider.java:240)
	at org.apache.maven.surefire.junit4.JUnit4Provider.executeTestSet(JUnit4Provider.java:214)
	at org.apache.maven.surefire.junit4.JUnit4Provider.invoke(JUnit4Provider.java:155)
	at org.apache.maven.surefire.booter.ForkedBooter.runSuitesInProcess(ForkedBooter.java:385)
	at org.apache.maven.surefire.booter.ForkedBooter.execute(ForkedBooter.java:162)
	at org.apache.maven.surefire.booter.ForkedBooter.run(ForkedBooter.java:507)
	at org.apache.maven.surefire.booter.ForkedBooter.main(ForkedBooter.java:495)
]]></system-err>
  </testcase>
  <testcase name="testSupprimerVoitureSucces" classname="esiea.api.VoitureAPITest" time="0"/>
  <testcase name="testAjoutAvecDonneesCorrectes" classname="esiea.api.VoitureAPITest" time="0"/>
  <testcase name="testParametreNonValideNum" classname="esiea.api.VoitureAPITest" time="1.43">
    <system-out><![CDATA[2023-10-31 09:54:48 DEBUG BasicClientConnectionManager:161 - Get connection for route {s}->https://cours-qualite.groupe-esiea.fr:443
2023-10-31 09:54:48 DEBUG DefaultClientConnectionOperator:177 - Connecting to cours-qualite.groupe-esiea.fr:443
2023-10-31 09:54:48 DEBUG RequestAddCookies:123 - CookieSpec selected: ignoreCookies
2023-10-31 09:54:48 DEBUG RequestAuthCache:77 - Auth cache not set in the context
2023-10-31 09:54:48 DEBUG RequestTargetAuthentication:80 - Target auth state: UNCHALLENGED
2023-10-31 09:54:48 DEBUG RequestProxyAuthentication:89 - Proxy auth state: UNCHALLENGED
2023-10-31 09:54:48 DEBUG DefaultHttpClient:677 - Attempt 1 to execute request
2023-10-31 09:54:48 DEBUG DefaultClientConnection:274 - Sending request: GET /esieaBack/rest/voiture/get/all/ff/10 HTTP/1.1
2023-10-31 09:54:48 DEBUG wire:73 -  >> "GET /esieaBack/rest/voiture/get/all/ff/10 HTTP/1.1[\r][\n]"
2023-10-31 09:54:48 DEBUG wire:73 -  >> "Accept: */*[\r][\n]"
2023-10-31 09:54:48 DEBUG wire:73 -  >> "Host: cours-qualite.groupe-esiea.fr[\r][\n]"
2023-10-31 09:54:48 DEBUG wire:73 -  >> "Connection: Keep-Alive[\r][\n]"
2023-10-31 09:54:48 DEBUG wire:73 -  >> "User-Agent: Apache-HttpClient/4.5.13 (Java/1.8.0_392)[\r][\n]"
2023-10-31 09:54:48 DEBUG wire:73 -  >> "Accept-Encoding: gzip,deflate[\r][\n]"
2023-10-31 09:54:48 DEBUG wire:73 -  >> "[\r][\n]"
2023-10-31 09:54:48 DEBUG headers:278 - >> GET /esieaBack/rest/voiture/get/all/ff/10 HTTP/1.1
2023-10-31 09:54:48 DEBUG headers:281 - >> Accept: */*
2023-10-31 09:54:48 DEBUG headers:281 - >> Host: cours-qualite.groupe-esiea.fr
2023-10-31 09:54:48 DEBUG headers:281 - >> Connection: Keep-Alive
2023-10-31 09:54:48 DEBUG headers:281 - >> User-Agent: Apache-HttpClient/4.5.13 (Java/1.8.0_392)
2023-10-31 09:54:48 DEBUG headers:281 - >> Accept-Encoding: gzip,deflate
2023-10-31 09:54:48 DEBUG wire:73 -  << "HTTP/1.1 500 Internal Server Error[\r][\n]"
2023-10-31 09:54:48 DEBUG wire:73 -  << "Alt-Svc: h3=":443"; ma=2592000[\r][\n]"
2023-10-31 09:54:48 DEBUG wire:73 -  << "Content-Language: fr[\r][\n]"
2023-10-31 09:54:48 DEBUG wire:73 -  << "Content-Length: 3143[\r][\n]"
2023-10-31 09:54:48 DEBUG wire:73 -  << "Content-Type: text/html;charset=utf-8[\r][\n]"
2023-10-31 09:54:48 DEBUG wire:73 -  << "Date: Tue, 31 Oct 2023 08:54:50 GMT[\r][\n]"
2023-10-31 09:54:48 DEBUG wire:73 -  << "Server: Caddy[\r][\n]"
2023-10-31 09:54:48 DEBUG wire:73 -  << "[\r][\n]"
2023-10-31 09:54:48 DEBUG DefaultClientConnection:259 - Receiving response: HTTP/1.1 500 Internal Server Error
2023-10-31 09:54:48 DEBUG headers:262 - << HTTP/1.1 500 Internal Server Error
2023-10-31 09:54:48 DEBUG headers:265 - << Alt-Svc: h3=":443"; ma=2592000
2023-10-31 09:54:48 DEBUG headers:265 - << Content-Language: fr
2023-10-31 09:54:48 DEBUG headers:265 - << Content-Length: 3143
2023-10-31 09:54:48 DEBUG headers:265 - << Content-Type: text/html;charset=utf-8
2023-10-31 09:54:48 DEBUG headers:265 - << Date: Tue, 31 Oct 2023 08:54:50 GMT
2023-10-31 09:54:48 DEBUG headers:265 - << Server: Caddy
2023-10-31 09:54:48 DEBUG DefaultHttpClient:504 - Connection can be kept alive indefinitely
2023-10-31 09:54:49 DEBUG RequestSpecificationImpl$RestAssuredHttpBuilder:545 - Parsing response as: text/html;charset=utf-8
2023-10-31 09:54:49 DEBUG RequestSpecificationImpl$RestAssuredHttpBuilder:548 - Parsed data to instance of: class org.apache.http.conn.EofSensorInputStream
]]></system-out>
  </testcase>
  <testcase name="testAjoutAvecDonneesIncorrectes" classname="esiea.api.VoitureAPITest" time="0"/>
  <testcase name="testGetVoituresJsonValid" classname="esiea.api.VoitureAPITest" time="0.889">
    <system-out><![CDATA[2023-10-31 09:54:49 DEBUG BasicClientConnectionManager:161 - Get connection for route {s}->https://cours-qualite.groupe-esiea.fr:443
2023-10-31 09:54:49 DEBUG DefaultClientConnectionOperator:177 - Connecting to cours-qualite.groupe-esiea.fr:443
2023-10-31 09:54:49 DEBUG RequestAddCookies:123 - CookieSpec selected: ignoreCookies
2023-10-31 09:54:49 DEBUG RequestAuthCache:77 - Auth cache not set in the context
2023-10-31 09:54:49 DEBUG RequestTargetAuthentication:80 - Target auth state: UNCHALLENGED
2023-10-31 09:54:49 DEBUG RequestProxyAuthentication:89 - Proxy auth state: UNCHALLENGED
2023-10-31 09:54:49 DEBUG DefaultHttpClient:677 - Attempt 1 to execute request
2023-10-31 09:54:49 DEBUG DefaultClientConnection:274 - Sending request: GET /esieaBack/rest/voiture/get/all/0/10 HTTP/1.1
2023-10-31 09:54:49 DEBUG wire:73 -  >> "GET /esieaBack/rest/voiture/get/all/0/10 HTTP/1.1[\r][\n]"
2023-10-31 09:54:49 DEBUG wire:73 -  >> "Accept: */*[\r][\n]"
2023-10-31 09:54:49 DEBUG wire:73 -  >> "Host: cours-qualite.groupe-esiea.fr[\r][\n]"
2023-10-31 09:54:49 DEBUG wire:73 -  >> "Connection: Keep-Alive[\r][\n]"
2023-10-31 09:54:49 DEBUG wire:73 -  >> "User-Agent: Apache-HttpClient/4.5.13 (Java/1.8.0_392)[\r][\n]"
2023-10-31 09:54:49 DEBUG wire:73 -  >> "Accept-Encoding: gzip,deflate[\r][\n]"
2023-10-31 09:54:49 DEBUG wire:73 -  >> "[\r][\n]"
2023-10-31 09:54:49 DEBUG headers:278 - >> GET /esieaBack/rest/voiture/get/all/0/10 HTTP/1.1
2023-10-31 09:54:49 DEBUG headers:281 - >> Accept: */*
2023-10-31 09:54:49 DEBUG headers:281 - >> Host: cours-qualite.groupe-esiea.fr
2023-10-31 09:54:49 DEBUG headers:281 - >> Connection: Keep-Alive
2023-10-31 09:54:49 DEBUG headers:281 - >> User-Agent: Apache-HttpClient/4.5.13 (Java/1.8.0_392)
2023-10-31 09:54:49 DEBUG headers:281 - >> Accept-Encoding: gzip,deflate
2023-10-31 09:54:49 DEBUG wire:73 -  << "HTTP/1.1 200 OK[\r][\n]"
2023-10-31 09:54:49 DEBUG wire:73 -  << "Alt-Svc: h3=":443"; ma=2592000[\r][\n]"
2023-10-31 09:54:49 DEBUG wire:73 -  << "Content-Type: application/json[\r][\n]"
2023-10-31 09:54:49 DEBUG wire:73 -  << "Date: Tue, 31 Oct 2023 08:54:50 GMT[\r][\n]"
2023-10-31 09:54:49 DEBUG wire:73 -  << "Server: Caddy[\r][\n]"
2023-10-31 09:54:49 DEBUG wire:73 -  << "Transfer-Encoding: chunked[\r][\n]"
2023-10-31 09:54:49 DEBUG wire:73 -  << "[\r][\n]"
2023-10-31 09:54:49 DEBUG DefaultClientConnection:259 - Receiving response: HTTP/1.1 200 OK
2023-10-31 09:54:49 DEBUG headers:262 - << HTTP/1.1 200 OK
2023-10-31 09:54:49 DEBUG headers:265 - << Alt-Svc: h3=":443"; ma=2592000
2023-10-31 09:54:49 DEBUG headers:265 - << Content-Type: application/json
2023-10-31 09:54:49 DEBUG headers:265 - << Date: Tue, 31 Oct 2023 08:54:50 GMT
2023-10-31 09:54:49 DEBUG headers:265 - << Server: Caddy
2023-10-31 09:54:49 DEBUG headers:265 - << Transfer-Encoding: chunked
2023-10-31 09:54:49 DEBUG DefaultHttpClient:504 - Connection can be kept alive indefinitely
2023-10-31 09:54:49 DEBUG RequestSpecificationImpl$RestAssuredHttpBuilder:545 - Parsing response as: application/json
2023-10-31 09:54:49 DEBUG RequestSpecificationImpl$RestAssuredHttpBuilder:548 - Parsed data to instance of: class org.apache.http.conn.EofSensorInputStream
2023-10-31 09:54:49 DEBUG BasicClientConnectionManager:161 - Get connection for route {s}->https://cours-qualite.groupe-esiea.fr:443
2023-10-31 09:54:49 DEBUG DefaultClientConnectionOperator:177 - Connecting to cours-qualite.groupe-esiea.fr:443
2023-10-31 09:54:49 DEBUG RequestAddCookies:123 - CookieSpec selected: ignoreCookies
2023-10-31 09:54:49 DEBUG RequestAuthCache:77 - Auth cache not set in the context
2023-10-31 09:54:49 DEBUG RequestTargetAuthentication:80 - Target auth state: UNCHALLENGED
2023-10-31 09:54:49 DEBUG RequestProxyAuthentication:89 - Proxy auth state: UNCHALLENGED
2023-10-31 09:54:49 DEBUG DefaultHttpClient:677 - Attempt 1 to execute request
2023-10-31 09:54:49 DEBUG DefaultClientConnection:274 - Sending request: GET /esieaBack/rest/voiture/get/123/0/10 HTTP/1.1
2023-10-31 09:54:49 DEBUG wire:73 -  >> "GET /esieaBack/rest/voiture/get/123/0/10 HTTP/1.1[\r][\n]"
2023-10-31 09:54:49 DEBUG wire:73 -  >> "Accept: */*[\r][\n]"
2023-10-31 09:54:49 DEBUG wire:73 -  >> "Host: cours-qualite.groupe-esiea.fr[\r][\n]"
2023-10-31 09:54:49 DEBUG wire:73 -  >> "Connection: Keep-Alive[\r][\n]"
2023-10-31 09:54:49 DEBUG wire:73 -  >> "User-Agent: Apache-HttpClient/4.5.13 (Java/1.8.0_392)[\r][\n]"
2023-10-31 09:54:49 DEBUG wire:73 -  >> "Accept-Encoding: gzip,deflate[\r][\n]"
2023-10-31 09:54:49 DEBUG wire:73 -  >> "[\r][\n]"
2023-10-31 09:54:49 DEBUG headers:278 - >> GET /esieaBack/rest/voiture/get/123/0/10 HTTP/1.1
2023-10-31 09:54:49 DEBUG headers:281 - >> Accept: */*
2023-10-31 09:54:49 DEBUG headers:281 - >> Host: cours-qualite.groupe-esiea.fr
2023-10-31 09:54:49 DEBUG headers:281 - >> Connection: Keep-Alive
2023-10-31 09:54:49 DEBUG headers:281 - >> User-Agent: Apache-HttpClient/4.5.13 (Java/1.8.0_392)
2023-10-31 09:54:49 DEBUG headers:281 - >> Accept-Encoding: gzip,deflate
2023-10-31 09:54:49 DEBUG wire:73 -  << "HTTP/1.1 200 OK[\r][\n]"
2023-10-31 09:54:49 DEBUG wire:73 -  << "Alt-Svc: h3=":443"; ma=2592000[\r][\n]"
2023-10-31 09:54:49 DEBUG wire:73 -  << "Content-Type: application/json[\r][\n]"
2023-10-31 09:54:49 DEBUG wire:73 -  << "Date: Tue, 31 Oct 2023 08:54:50 GMT[\r][\n]"
2023-10-31 09:54:49 DEBUG wire:73 -  << "Server: Caddy[\r][\n]"
2023-10-31 09:54:49 DEBUG wire:73 -  << "Transfer-Encoding: chunked[\r][\n]"
2023-10-31 09:54:49 DEBUG wire:73 -  << "[\r][\n]"
2023-10-31 09:54:49 DEBUG DefaultClientConnection:259 - Receiving response: HTTP/1.1 200 OK
2023-10-31 09:54:49 DEBUG headers:262 - << HTTP/1.1 200 OK
2023-10-31 09:54:49 DEBUG headers:265 - << Alt-Svc: h3=":443"; ma=2592000
2023-10-31 09:54:49 DEBUG headers:265 - << Content-Type: application/json
2023-10-31 09:54:49 DEBUG headers:265 - << Date: Tue, 31 Oct 2023 08:54:50 GMT
2023-10-31 09:54:49 DEBUG headers:265 - << Server: Caddy
2023-10-31 09:54:49 DEBUG headers:265 - << Transfer-Encoding: chunked
2023-10-31 09:54:49 DEBUG DefaultHttpClient:504 - Connection can be kept alive indefinitely
2023-10-31 09:54:49 DEBUG RequestSpecificationImpl$RestAssuredHttpBuilder:545 - Parsing response as: application/json
2023-10-31 09:54:49 DEBUG RequestSpecificationImpl$RestAssuredHttpBuilder:548 - Parsed data to instance of: class org.apache.http.conn.EofSensorInputStream
2023-10-31 09:54:49 DEBUG wire:73 -  << "5d4[\r][\n]"
2023-10-31 09:54:49 DEBUG wire:87 -  << "{"volume":12,"voitures":["{\"id\":25679,\"marque\":\"toyota\",\"modele\":\"Camry\",\"finition\":\"XLE\",\"carburant\":\"ESSENCE\",\"km\":13,\"annee\":2012,\"prix\":1890}","{\"id\":25680,\"marque\":\"test2\",\"modele\":\"test2\",\"finition\":\"test\",\"carburant\":\"HYBRIDE\",\"km\":32,\"annee\":1999,\"prix\":123}","{\"id\":25681,\"marque\":\"yes\",\"modele\":\"yes\",\"finition\":\"yes\",\"carburant\":\"DIESEL\",\"km\":12,\"annee\":1986,\"prix\":1000}","{\"id\":25682,\"marque\":\"123\",\"modele\":\"YES\",\"finition\":\"yes\",\"carburant\":\"ELECTRIQUE\",\"km\":12,\"annee\":2012,\"prix\":1234}","{\"id\":25683,\"marque\":\"yes\",\"modele\":\"123\",\"finition\":\"TER\",\"carburant\":\"HYBRIDE\",\"km\":54,\"annee\":2010,\"prix\":733}","{\"id\":25688,\"marque\":\"peugeot\",\"modele\":\"peugeot\",\"finition\":\"peugeot\",\"carburant\":\"ESSENCE\",\"km\":54,\"annee\":1950,\"prix\":876}","{\"id\":25690,\"marque\":\"peugeot\",\"modele\":\"peugeot\",\"finition\":\"peugeot\",\"carburant\":\"ESSENCE\",\"km\":56,\"annee\":1900,\"prix\":876}","{\"id\":25692,\"marque\":\"peugeot\",\"modele\":\"peugeot\",\"finition\":\"peugeot\",\"carburant\":\"HYBRIDE\",\"km\":12,\"annee\":2023,\"prix\":564}","{\"id\":25694,\"marque\":\"peu_geot\",\"modele\":\"peu_geot\",\"finition\":\"peu_geot\",\"carburant\":\"ESSENCE\",\"km\":12,\"annee\":1999,\"prix\":123}","{\"id\":25695,\"marque\":\"PEU\",\"modele\":\"PEU\",\"finition\":\"PEU\",\"carburant\":\"HYBRIDE\",\"km\":12,\"annee\":2012,\"prix\":767}"]}"
2023-10-31 09:54:49 DEBUG wire:73 -  << "[\r][\n]"
2023-10-31 09:54:49 DEBUG wire:73 -  << "0[\r][\n]"
2023-10-31 09:54:49 DEBUG wire:73 -  << "[\r][\n]"
2023-10-31 09:54:49 DEBUG BasicClientConnectionManager:200 - Releasing connection org.apache.http.impl.conn.ManagedClientConnectionImpl@3d1cb317
2023-10-31 09:54:49 DEBUG BasicClientConnectionManager:225 - Connection can be kept alive indefinitely
2023-10-31 09:54:49 DEBUG DefaultClientConnection:180 - Connection 0.0.0.0:50887<->185.235.207.2:443 closed
]]></system-out>
  </testcase>
  <testcase name="testAjoutVoitureReussi" classname="esiea.api.VoitureAPITest" time="0.001"/>
</testsuite>