<?xml version="1.0" encoding="UTF-8"?>
<testsuite xmlns:xsi="http://www.w3.org/2001/XMLSchema-instance" xsi:noNamespaceSchemaLocation="https://maven.apache.org/surefire/maven-surefire-plugin/xsd/surefire-test-report-3.0.xsd" version="3.0" name="esiea.metier.VoitureTest" time="0.199" tests="29" errors="0" skipped="0" failures="0">
  <properties>
    <property name="sun.desktop" value="windows"/>
    <property name="awt.toolkit" value="sun.awt.windows.WToolkit"/>
    <property name="file.encoding.pkg" value="sun.io"/>
    <property name="java.specification.version" value="1.8"/>
    <property name="sun.cpu.isalist" value="amd64"/>
    <property name="sun.jnu.encoding" value="Cp1252"/>
    <property name="java.class.path" value="F:\QA\esieaBack\target\test-classes;F:\QA\esieaBack\target\classes;C:\Users\ng200\.m2\repository\junit\junit\4.13.2\junit-4.13.2.jar;C:\Users\ng200\.m2\repository\org\hamcrest\hamcrest-core\1.3\hamcrest-core-1.3.jar;C:\Users\ng200\.m2\repository\io\rest-assured\rest-assured\4.4.0\rest-assured-4.4.0.jar;C:\Users\ng200\.m2\repository\org\codehaus\groovy\groovy\3.0.8\groovy-3.0.8.jar;C:\Users\ng200\.m2\repository\org\codehaus\groovy\groovy-xml\3.0.8\groovy-xml-3.0.8.jar;C:\Users\ng200\.m2\repository\org\apache\httpcomponents\httpclient\4.5.13\httpclient-4.5.13.jar;C:\Users\ng200\.m2\repository\org\apache\httpcomponents\httpcore\4.4.13\httpcore-4.4.13.jar;C:\Users\ng200\.m2\repository\commons-logging\commons-logging\1.2\commons-logging-1.2.jar;C:\Users\ng200\.m2\repository\commons-codec\commons-codec\1.11\commons-codec-1.11.jar;C:\Users\ng200\.m2\repository\org\apache\httpcomponents\httpmime\4.5.13\httpmime-4.5.13.jar;C:\Users\ng200\.m2\repository\org\hamcrest\hamcrest\2.1\hamcrest-2.1.jar;C:\Users\ng200\.m2\repository\org\ccil\cowan\tagsoup\tagsoup\1.2.1\tagsoup-1.2.1.jar;C:\Users\ng200\.m2\repository\io\rest-assured\json-path\4.4.0\json-path-4.4.0.jar;C:\Users\ng200\.m2\repository\org\codehaus\groovy\groovy-json\3.0.8\groovy-json-3.0.8.jar;C:\Users\ng200\.m2\repository\io\rest-assured\rest-assured-common\4.4.0\rest-assured-common-4.4.0.jar;C:\Users\ng200\.m2\repository\io\rest-assured\xml-path\4.4.0\xml-path-4.4.0.jar;C:\Users\ng200\.m2\repository\org\apache\commons\commons-lang3\3.11\commons-lang3-3.11.jar;C:\Users\ng200\.m2\repository\jakarta\xml\bind\jakarta.xml.bind-api\2.3.3\jakarta.xml.bind-api-2.3.3.jar;C:\Users\ng200\.m2\repository\jakarta\activation\jakarta.activation-api\1.2.2\jakarta.activation-api-1.2.2.jar;C:\Users\ng200\.m2\repository\com\sun\xml\bind\jaxb-impl\2.3.3\jaxb-impl-2.3.3.jar;C:\Users\ng200\.m2\repository\com\h2database\h2\2.2.224\h2-2.2.224.jar;C:\Users\ng200\.m2\repository\javax\servlet\javax.servlet-api\3.1.0\javax.servlet-api-3.1.0.jar;C:\Users\ng200\.m2\repository\asm\asm\3.3.1\asm-3.3.1.jar;C:\Users\ng200\.m2\repository\org\mockito\mockito-core\3.12.4\mockito-core-3.12.4.jar;C:\Users\ng200\.m2\repository\net\bytebuddy\byte-buddy\1.11.13\byte-buddy-1.11.13.jar;C:\Users\ng200\.m2\repository\net\bytebuddy\byte-buddy-agent\1.11.13\byte-buddy-agent-1.11.13.jar;C:\Users\ng200\.m2\repository\org\objenesis\objenesis\3.2\objenesis-3.2.jar;C:\Users\ng200\.m2\repository\com\sun\jersey\jersey-bundle\1.19.2\jersey-bundle-1.19.2.jar;C:\Users\ng200\.m2\repository\javax\ws\rs\jsr311-api\1.1.1\jsr311-api-1.1.1.jar;C:\Users\ng200\.m2\repository\org\json\json\20160810\json-20160810.jar;C:\Users\ng200\.m2\repository\com\sun\jersey\jersey-server\1.19.2\jersey-server-1.19.2.jar;C:\Users\ng200\.m2\repository\com\sun\jersey\jersey-core\1.19.2\jersey-core-1.19.2.jar;C:\Users\ng200\.m2\repository\javax\xml\bind\jaxb-api\2.3.1\jaxb-api-2.3.1.jar;C:\Users\ng200\.m2\repository\javax\activation\javax.activation-api\1.2.0\javax.activation-api-1.2.0.jar;C:\Users\ng200\.m2\repository\mysql\mysql-connector-java\8.0.25\mysql-connector-java-8.0.25.jar;C:\Users\ng200\.m2\repository\com\google\protobuf\protobuf-java\3.11.4\protobuf-java-3.11.4.jar;C:\Users\ng200\.m2\repository\org\powermock\powermock-api-mockito2\2.0.9\powermock-api-mockito2-2.0.9.jar;C:\Users\ng200\.m2\repository\org\powermock\powermock-api-support\2.0.9\powermock-api-support-2.0.9.jar;C:\Users\ng200\.m2\repository\org\powermock\powermock-reflect\2.0.9\powermock-reflect-2.0.9.jar;C:\Users\ng200\.m2\repository\org\powermock\powermock-core\2.0.9\powermock-core-2.0.9.jar;C:\Users\ng200\.m2\repository\org\javassist\javassist\3.27.0-GA\javassist-3.27.0-GA.jar;C:\Users\ng200\.m2\repository\org\powermock\powermock-module-junit4\2.0.9\powermock-module-junit4-2.0.9.jar;C:\Users\ng200\.m2\repository\org\powermock\powermock-module-junit4-common\2.0.9\powermock-module-junit4-common-2.0.9.jar;C:\Users\ng200\.m2\repository\com\fasterxml\jackson\core\jackson-databind\2.9.8\jackson-databind-2.9.8.jar;C:\Users\ng200\.m2\repository\com\fasterxml\jackson\core\jackson-annotations\2.9.0\jackson-annotations-2.9.0.jar;C:\Users\ng200\.m2\repository\com\fasterxml\jackson\core\jackson-core\2.9.8\jackson-core-2.9.8.jar;C:\Users\ng200\.m2\repository\log4j\log4j\1.2.17\log4j-1.2.17.jar;"/>
    <property name="java.vm.vendor" value="Amazon.com Inc."/>
    <property name="sun.arch.data.model" value="64"/>
    <property name="user.variant" value=""/>
    <property name="java.vendor.url" value="https://aws.amazon.com/corretto/"/>
    <property name="user.timezone" value="Europe/Berlin"/>
    <property name="java.vm.specification.version" value="1.8"/>
    <property name="os.name" value="Windows 10"/>
    <property name="user.country" value="FR"/>
    <property name="sun.java.launcher" value="SUN_STANDARD"/>
    <property name="sun.boot.library.path" value="C:\Users\ng200\.jdks\corretto-1.8.0_392\jre\bin"/>
    <property name="sun.java.command" value="C:\Users\ng200\AppData\Local\Temp\surefire7622959675188014489\surefirebooter-20231031103317189_3.jar C:\Users\ng200\AppData\Local\Temp\surefire7622959675188014489 2023-10-31T10-33-17_003-jvmRun1 surefire-20231031103317189_1tmp surefire_0-20231031103317189_2tmp"/>
    <property name="surefire.test.class.path" value="F:\QA\esieaBack\target\test-classes;F:\QA\esieaBack\target\classes;C:\Users\ng200\.m2\repository\junit\junit\4.13.2\junit-4.13.2.jar;C:\Users\ng200\.m2\repository\org\hamcrest\hamcrest-core\1.3\hamcrest-core-1.3.jar;C:\Users\ng200\.m2\repository\io\rest-assured\rest-assured\4.4.0\rest-assured-4.4.0.jar;C:\Users\ng200\.m2\repository\org\codehaus\groovy\groovy\3.0.8\groovy-3.0.8.jar;C:\Users\ng200\.m2\repository\org\codehaus\groovy\groovy-xml\3.0.8\groovy-xml-3.0.8.jar;C:\Users\ng200\.m2\repository\org\apache\httpcomponents\httpclient\4.5.13\httpclient-4.5.13.jar;C:\Users\ng200\.m2\repository\org\apache\httpcomponents\httpcore\4.4.13\httpcore-4.4.13.jar;C:\Users\ng200\.m2\repository\commons-logging\commons-logging\1.2\commons-logging-1.2.jar;C:\Users\ng200\.m2\repository\commons-codec\commons-codec\1.11\commons-codec-1.11.jar;C:\Users\ng200\.m2\repository\org\apache\httpcomponents\httpmime\4.5.13\httpmime-4.5.13.jar;C:\Users\ng200\.m2\repository\org\hamcrest\hamcrest\2.1\hamcrest-2.1.jar;C:\Users\ng200\.m2\repository\org\ccil\cowan\tagsoup\tagsoup\1.2.1\tagsoup-1.2.1.jar;C:\Users\ng200\.m2\repository\io\rest-assured\json-path\4.4.0\json-path-4.4.0.jar;C:\Users\ng200\.m2\repository\org\codehaus\groovy\groovy-json\3.0.8\groovy-json-3.0.8.jar;C:\Users\ng200\.m2\repository\io\rest-assured\rest-assured-common\4.4.0\rest-assured-common-4.4.0.jar;C:\Users\ng200\.m2\repository\io\rest-assured\xml-path\4.4.0\xml-path-4.4.0.jar;C:\Users\ng200\.m2\repository\org\apache\commons\commons-lang3\3.11\commons-lang3-3.11.jar;C:\Users\ng200\.m2\repository\jakarta\xml\bind\jakarta.xml.bind-api\2.3.3\jakarta.xml.bind-api-2.3.3.jar;C:\Users\ng200\.m2\repository\jakarta\activation\jakarta.activation-api\1.2.2\jakarta.activation-api-1.2.2.jar;C:\Users\ng200\.m2\repository\com\sun\xml\bind\jaxb-impl\2.3.3\jaxb-impl-2.3.3.jar;C:\Users\ng200\.m2\repository\com\h2database\h2\2.2.224\h2-2.2.224.jar;C:\Users\ng200\.m2\repository\javax\servlet\javax.servlet-api\3.1.0\javax.servlet-api-3.1.0.jar;C:\Users\ng200\.m2\repository\asm\asm\3.3.1\asm-3.3.1.jar;C:\Users\ng200\.m2\repository\org\mockito\mockito-core\3.12.4\mockito-core-3.12.4.jar;C:\Users\ng200\.m2\repository\net\bytebuddy\byte-buddy\1.11.13\byte-buddy-1.11.13.jar;C:\Users\ng200\.m2\repository\net\bytebuddy\byte-buddy-agent\1.11.13\byte-buddy-agent-1.11.13.jar;C:\Users\ng200\.m2\repository\org\objenesis\objenesis\3.2\objenesis-3.2.jar;C:\Users\ng200\.m2\repository\com\sun\jersey\jersey-bundle\1.19.2\jersey-bundle-1.19.2.jar;C:\Users\ng200\.m2\repository\javax\ws\rs\jsr311-api\1.1.1\jsr311-api-1.1.1.jar;C:\Users\ng200\.m2\repository\org\json\json\20160810\json-20160810.jar;C:\Users\ng200\.m2\repository\com\sun\jersey\jersey-server\1.19.2\jersey-server-1.19.2.jar;C:\Users\ng200\.m2\repository\com\sun\jersey\jersey-core\1.19.2\jersey-core-1.19.2.jar;C:\Users\ng200\.m2\repository\javax\xml\bind\jaxb-api\2.3.1\jaxb-api-2.3.1.jar;C:\Users\ng200\.m2\repository\javax\activation\javax.activation-api\1.2.0\javax.activation-api-1.2.0.jar;C:\Users\ng200\.m2\repository\mysql\mysql-connector-java\8.0.25\mysql-connector-java-8.0.25.jar;C:\Users\ng200\.m2\repository\com\google\protobuf\protobuf-java\3.11.4\protobuf-java-3.11.4.jar;C:\Users\ng200\.m2\repository\org\powermock\powermock-api-mockito2\2.0.9\powermock-api-mockito2-2.0.9.jar;C:\Users\ng200\.m2\repository\org\powermock\powermock-api-support\2.0.9\powermock-api-support-2.0.9.jar;C:\Users\ng200\.m2\repository\org\powermock\powermock-reflect\2.0.9\powermock-reflect-2.0.9.jar;C:\Users\ng200\.m2\repository\org\powermock\powermock-core\2.0.9\powermock-core-2.0.9.jar;C:\Users\ng200\.m2\repository\org\javassist\javassist\3.27.0-GA\javassist-3.27.0-GA.jar;C:\Users\ng200\.m2\repository\org\powermock\powermock-module-junit4\2.0.9\powermock-module-junit4-2.0.9.jar;C:\Users\ng200\.m2\repository\org\powermock\powermock-module-junit4-common\2.0.9\powermock-module-junit4-common-2.0.9.jar;C:\Users\ng200\.m2\repository\com\fasterxml\jackson\core\jackson-databind\2.9.8\jackson-databind-2.9.8.jar;C:\Users\ng200\.m2\repository\com\fasterxml\jackson\core\jackson-annotations\2.9.0\jackson-annotations-2.9.0.jar;C:\Users\ng200\.m2\repository\com\fasterxml\jackson\core\jackson-core\2.9.8\jackson-core-2.9.8.jar;C:\Users\ng200\.m2\repository\log4j\log4j\1.2.17\log4j-1.2.17.jar;"/>
    <property name="sun.cpu.endian" value="little"/>
    <property name="user.home" value="C:\Users\ng200"/>
    <property name="user.language" value="fr"/>
    <property name="java.specification.vendor" value="Oracle Corporation"/>
    <property name="java.home" value="C:\Users\ng200\.jdks\corretto-1.8.0_392\jre"/>
    <property name="basedir" value="F:\QA\esieaBack"/>
    <property name="file.separator" value="\"/>
    <property name="line.separator" value="&#10;"/>
    <property name="java.vm.specification.vendor" value="Oracle Corporation"/>
    <property name="java.specification.name" value="Java Platform API Specification"/>
    <property name="java.awt.graphicsenv" value="sun.awt.Win32GraphicsEnvironment"/>
    <property name="surefire.real.class.path" value="C:\Users\ng200\AppData\Local\Temp\surefire7622959675188014489\surefirebooter-20231031103317189_3.jar;C:\\Users\\ng200\\.m2\\repository\\org\\jacoco\\org.jacoco.agent\\0.8.7\\org.jacoco.agent-0.8.7-runtime.jar"/>
    <property name="sun.boot.class.path" value="C:\Users\ng200\.jdks\corretto-1.8.0_392\jre\lib\resources.jar;C:\Users\ng200\.jdks\corretto-1.8.0_392\jre\lib\rt.jar;C:\Users\ng200\.jdks\corretto-1.8.0_392\jre\lib\sunrsasign.jar;C:\Users\ng200\.jdks\corretto-1.8.0_392\jre\lib\jsse.jar;C:\Users\ng200\.jdks\corretto-1.8.0_392\jre\lib\jce.jar;C:\Users\ng200\.jdks\corretto-1.8.0_392\jre\lib\charsets.jar;C:\Users\ng200\.jdks\corretto-1.8.0_392\jre\lib\jfr.jar;C:\Users\ng200\.jdks\corretto-1.8.0_392\jre\classes"/>
    <property name="user.script" value=""/>
    <property name="sun.management.compiler" value="HotSpot 64-Bit Tiered Compilers"/>
    <property name="java.runtime.version" value="1.8.0_392-b08"/>
    <property name="user.name" value="ng200"/>
    <property name="path.separator" value=";"/>
    <property name="os.version" value="10.0"/>
    <property name="java.endorsed.dirs" value="C:\Users\ng200\.jdks\corretto-1.8.0_392\jre\lib\endorsed"/>
    <property name="java.runtime.name" value="OpenJDK Runtime Environment"/>
    <property name="file.encoding" value="Cp1252"/>
    <property name="java.vm.name" value="OpenJDK 64-Bit Server VM"/>
    <property name="localRepository" value="C:\Users\ng200\.m2\repository"/>
    <property name="java.vendor.url.bug" value="https://github.com/corretto/corretto-8/issues/"/>
    <property name="java.io.tmpdir" value="C:\Users\ng200\AppData\Local\Temp\"/>
    <property name="idea.version" value="2021.3.1"/>
    <property name="java.version" value="1.8.0_392"/>
    <property name="user.dir" value="F:\QA\esieaBack"/>
    <property name="os.arch" value="amd64"/>
    <property name="java.vm.specification.name" value="Java Virtual Machine Specification"/>
    <property name="java.awt.printerjob" value="sun.awt.windows.WPrinterJob"/>
    <property name="sun.os.patch.level" value=""/>
    <property name="java.library.path" value="C:\Users\ng200\.jdks\corretto-1.8.0_392\jre\bin;C:\WINDOWS\Sun\Java\bin;C:\WINDOWS\system32;C:\WINDOWS;C:\Program Files\Common Files\Oracle\Java\javapath;C:\ProgramData\Oracle\Java\javapath;C:\Program Files\PostgreSQL\15\bin;C:\Program Files\NVIDIA GPU Computing Toolkit\CUDA\v12.1\bin;C:\Program Files\NVIDIA GPU Computing Toolkit\CUDA\v12.1\libnvvp;C:\Program Files (x86)\Razer Chroma SDK\bin;C:\Program Files\Razer Chroma SDK\bin;C:\Program Files\Eclipse Adoptium\jdk-17.0.6.10-hotspot\bin;C:\Program Files (x86)\Razer\ChromaBroadcast\bin;C:\Program Files\Razer\ChromaBroadcast\bin;C:\ProgramData\Microsoft\Windows\Start Menu\Programs\Node.js;C:\Program Files\nodejs\;C:\WINDOWS\system32\config\systemprofile\AppData\Local\Microsoft\WindowsApps;C:\Program Files\NVIDIA Corporation\NVIDIA NvDLISR;C:\Program Files\NVIDIA Corporation\Nsight Compute 2023.1.0\;C:\ProgramData\ComposerSetup\bin;C:\Windows\System32;;C:\Program Files\Docker\Docker\resources\bin;C:\Program Files\PuTTY\;C:\Program Files\Amazon\AWSCLIV2\;C:\Users\ng200\scoop\shims;C:\Users\ng200\AppData\Local\Programs\Python\Python310\Scripts;C:\Program Files\MongoDB\Server\6.0\bin;C:\Users\ng200\AppData\Local\Microsoft\WindowsApps;C:\Program Files\apache-maven-3.8.4\bin;C:\Program Files (x86)\Java\jdk-16.0.1\bin;C:\Program Files\apache-maven-3.8.4\bin;C:\ProgramData\Microsoft\Windows\Start Menu\Programs\Node.js;C:\Program Files\PostgreSQL\15\bin;C:\Program Files\PostgreSQL\15\lib;C:\Program Files\OpenSSL-Win64\bin;C:\Users\ng200\AppData\Roaming\npm;C:\Users\ng200\AppData\Roaming\Composer\vendor\bin;F:\winutils-master\hadoop-3.0.0\bin;C:\Program Files\MySQL\MySQL Server 8.1\bin;;."/>
    <property name="java.vm.info" value="mixed mode"/>
    <property name="java.vendor" value="Amazon.com Inc."/>
    <property name="java.vm.version" value="25.392-b08"/>
    <property name="java.specification.maintenance.version" value="5"/>
    <property name="java.ext.dirs" value="C:\Users\ng200\.jdks\corretto-1.8.0_392\jre\lib\ext;C:\WINDOWS\Sun\Java\lib\ext"/>
    <property name="sun.io.unicode.encoding" value="UnicodeLittle"/>
    <property name="java.class.version" value="52.0"/>
  </properties>
  <testcase name="testCheckInvalidAnneeFuture" classname="esiea.metier.VoitureTest" time="0"/>
  <testcase name="getMarqueTest" classname="esiea.metier.VoitureTest" time="0"/>
  <testcase name="getCarburantTest" classname="esiea.metier.VoitureTest" time="0"/>
  <testcase name="CaruburantgetTestFalse" classname="esiea.metier.VoitureTest" time="0"/>
  <testcase name="toStringWorkTest" classname="esiea.metier.VoitureTest" time="0.192"/>
  <testcase name="testCheckInvalidId" classname="esiea.metier.VoitureTest" time="0"/>
  <testcase name="testCheckInvalidKM" classname="esiea.metier.VoitureTest" time="0"/>
  <testcase name="toStringCaruburantTest" classname="esiea.metier.VoitureTest" time="0"/>
  <testcase name="testCheckInvalidFinitionEmpty" classname="esiea.metier.VoitureTest" time="0"/>
  <testcase name="testCheckValidVoiture" classname="esiea.metier.VoitureTest" time="0.001"/>
  <testcase name="testCheckInvalidMarqueEmpty" classname="esiea.metier.VoitureTest" time="0"/>
  <testcase name="getCharTest" classname="esiea.metier.VoitureTest" time="0"/>
  <testcase name="testCheckInvalidPrixDeux" classname="esiea.metier.VoitureTest" time="0"/>
  <testcase name="toStringFailedTest" classname="esiea.metier.VoitureTest" time="0.002"/>
  <testcase name="getIdTest" classname="esiea.metier.VoitureTest" time="0"/>
  <testcase name="testCheckInvalidFinition" classname="esiea.metier.VoitureTest" time="0.001"/>
  <testcase name="testCheckInvalidAnneeOld" classname="esiea.metier.VoitureTest" time="0"/>
  <testcase name="getKmTest" classname="esiea.metier.VoitureTest" time="0"/>
  <testcase name="getTypeDonneesTest" classname="esiea.metier.VoitureTest" time="0"/>
  <testcase name="getPrixTest" classname="esiea.metier.VoitureTest" time="0"/>
  <testcase name="testCheckInvalidPrix" classname="esiea.metier.VoitureTest" time="0"/>
  <testcase name="getAnneeTest" classname="esiea.metier.VoitureTest" time="0.001"/>
  <testcase name="CaruburantgetTest" classname="esiea.metier.VoitureTest" time="0"/>
  <testcase name="testCheckInvalidModeleEmpty" classname="esiea.metier.VoitureTest" time="0"/>
  <testcase name="getFinition" classname="esiea.metier.VoitureTest" time="0"/>
  <testcase name="testCheckInvalidMarque" classname="esiea.metier.VoitureTest" time="0"/>
  <testcase name="testCheckInvalidModele" classname="esiea.metier.VoitureTest" time="0"/>
  <testcase name="getModeleTest" classname="esiea.metier.VoitureTest" time="0"/>
  <testcase name="testCheckInvalidCarburant" classname="esiea.metier.VoitureTest" time="0"/>
</testsuite>