<?xml version="1.0" encoding="UTF-8"?>
<testsuite xmlns:xsi="http://www.w3.org/2001/XMLSchema-instance" xsi:noNamespaceSchemaLocation="https://maven.apache.org/surefire/maven-surefire-plugin/xsd/surefire-test-report-3.0.xsd" version="3.0" name="esiea.integrationtest.VoitureIntegrationTest" time="0.724" tests="5" errors="0" skipped="0" failures="0">
  <properties>
    <property name="java.specification.version" value="17"/>
    <property name="sun.cpu.isalist" value="amd64"/>
    <property name="sun.jnu.encoding" value="Cp1252"/>
    <property name="java.class.path" value="C:\Users\chris\source\repos\Projet_QA\target\test-classes;C:\Users\chris\source\repos\Projet_QA\target\classes;C:\Users\chris\.m2\repository\junit\junit\4.13.2\junit-4.13.2.jar;C:\Users\chris\.m2\repository\org\hamcrest\hamcrest-core\1.3\hamcrest-core-1.3.jar;C:\Users\chris\.m2\repository\io\rest-assured\rest-assured\4.4.0\rest-assured-4.4.0.jar;C:\Users\chris\.m2\repository\org\codehaus\groovy\groovy\3.0.8\groovy-3.0.8.jar;C:\Users\chris\.m2\repository\org\codehaus\groovy\groovy-xml\3.0.8\groovy-xml-3.0.8.jar;C:\Users\chris\.m2\repository\org\apache\httpcomponents\httpclient\4.5.13\httpclient-4.5.13.jar;C:\Users\chris\.m2\repository\org\apache\httpcomponents\httpcore\4.4.13\httpcore-4.4.13.jar;C:\Users\chris\.m2\repository\commons-logging\commons-logging\1.2\commons-logging-1.2.jar;C:\Users\chris\.m2\repository\commons-codec\commons-codec\1.11\commons-codec-1.11.jar;C:\Users\chris\.m2\repository\org\apache\httpcomponents\httpmime\4.5.13\httpmime-4.5.13.jar;C:\Users\chris\.m2\repository\org\hamcrest\hamcrest\2.1\hamcrest-2.1.jar;C:\Users\chris\.m2\repository\org\ccil\cowan\tagsoup\tagsoup\1.2.1\tagsoup-1.2.1.jar;C:\Users\chris\.m2\repository\io\rest-assured\json-path\4.4.0\json-path-4.4.0.jar;C:\Users\chris\.m2\repository\org\codehaus\groovy\groovy-json\3.0.8\groovy-json-3.0.8.jar;C:\Users\chris\.m2\repository\io\rest-assured\rest-assured-common\4.4.0\rest-assured-common-4.4.0.jar;C:\Users\chris\.m2\repository\io\rest-assured\xml-path\4.4.0\xml-path-4.4.0.jar;C:\Users\chris\.m2\repository\org\apache\commons\commons-lang3\3.11\commons-lang3-3.11.jar;C:\Users\chris\.m2\repository\jakarta\xml\bind\jakarta.xml.bind-api\2.3.3\jakarta.xml.bind-api-2.3.3.jar;C:\Users\chris\.m2\repository\jakarta\activation\jakarta.activation-api\1.2.2\jakarta.activation-api-1.2.2.jar;C:\Users\chris\.m2\repository\com\sun\xml\bind\jaxb-impl\2.3.3\jaxb-impl-2.3.3.jar;C:\Users\chris\.m2\repository\javax\servlet\javax.servlet-api\3.1.0\javax.servlet-api-3.1.0.jar;C:\Users\chris\.m2\repository\asm\asm\3.3.1\asm-3.3.1.jar;C:\Users\chris\.m2\repository\org\mockito\mockito-core\3.12.4\mockito-core-3.12.4.jar;C:\Users\chris\.m2\repository\net\bytebuddy\byte-buddy\1.11.13\byte-buddy-1.11.13.jar;C:\Users\chris\.m2\repository\net\bytebuddy\byte-buddy-agent\1.11.13\byte-buddy-agent-1.11.13.jar;C:\Users\chris\.m2\repository\org\objenesis\objenesis\3.2\objenesis-3.2.jar;C:\Users\chris\.m2\repository\com\sun\jersey\jersey-bundle\1.19.2\jersey-bundle-1.19.2.jar;C:\Users\chris\.m2\repository\javax\ws\rs\jsr311-api\1.1.1\jsr311-api-1.1.1.jar;C:\Users\chris\.m2\repository\org\json\json\20160810\json-20160810.jar;C:\Users\chris\.m2\repository\com\sun\jersey\jersey-server\1.19.2\jersey-server-1.19.2.jar;C:\Users\chris\.m2\repository\com\sun\jersey\jersey-core\1.19.2\jersey-core-1.19.2.jar;C:\Users\chris\.m2\repository\javax\xml\bind\jaxb-api\2.3.1\jaxb-api-2.3.1.jar;C:\Users\chris\.m2\repository\javax\activation\javax.activation-api\1.2.0\javax.activation-api-1.2.0.jar;C:\Users\chris\.m2\repository\mysql\mysql-connector-java\8.0.25\mysql-connector-java-8.0.25.jar;C:\Users\chris\.m2\repository\com\google\protobuf\protobuf-java\3.11.4\protobuf-java-3.11.4.jar;C:\Users\chris\.m2\repository\org\powermock\powermock-api-mockito2\2.0.9\powermock-api-mockito2-2.0.9.jar;C:\Users\chris\.m2\repository\org\powermock\powermock-api-support\2.0.9\powermock-api-support-2.0.9.jar;C:\Users\chris\.m2\repository\org\powermock\powermock-reflect\2.0.9\powermock-reflect-2.0.9.jar;C:\Users\chris\.m2\repository\org\powermock\powermock-core\2.0.9\powermock-core-2.0.9.jar;C:\Users\chris\.m2\repository\org\javassist\javassist\3.27.0-GA\javassist-3.27.0-GA.jar;C:\Users\chris\.m2\repository\org\powermock\powermock-module-junit4\2.0.9\powermock-module-junit4-2.0.9.jar;C:\Users\chris\.m2\repository\org\powermock\powermock-module-junit4-common\2.0.9\powermock-module-junit4-common-2.0.9.jar;C:\Users\chris\.m2\repository\com\fasterxml\jackson\core\jackson-databind\2.9.8\jackson-databind-2.9.8.jar;C:\Users\chris\.m2\repository\com\fasterxml\jackson\core\jackson-annotations\2.9.0\jackson-annotations-2.9.0.jar;C:\Users\chris\.m2\repository\com\fasterxml\jackson\core\jackson-core\2.9.8\jackson-core-2.9.8.jar;C:\Users\chris\.m2\repository\log4j\log4j\1.2.17\log4j-1.2.17.jar;"/>
    <property name="java.vm.vendor" value="Eclipse Adoptium"/>
    <property name="sun.arch.data.model" value="64"/>
    <property name="user.variant" value=""/>
    <property name="java.vendor.url" value="https://adoptium.net/"/>
    <property name="user.timezone" value="Europe/Paris"/>
    <property name="os.name" value="Windows 10"/>
    <property name="java.vm.specification.version" value="17"/>
    <property name="sun.java.launcher" value="SUN_STANDARD"/>
    <property name="user.country" value="FR"/>
    <property name="sun.boot.library.path" value="C:\Program Files\Eclipse Adoptium\jdk-17.0.6.10-hotspot\bin"/>
    <property name="sun.java.command" value="C:\Users\chris\AppData\Local\Temp\surefire11124398986793635385\surefirebooter-20231202201704158_3.jar C:\Users\chris\AppData\Local\Temp\surefire11124398986793635385 2023-12-02T20-17-04_014-jvmRun1 surefire-20231202201704158_1tmp surefire_0-20231202201704158_2tmp"/>
    <property name="jdk.debug" value="release"/>
    <property name="surefire.test.class.path" value="C:\Users\chris\source\repos\Projet_QA\target\test-classes;C:\Users\chris\source\repos\Projet_QA\target\classes;C:\Users\chris\.m2\repository\junit\junit\4.13.2\junit-4.13.2.jar;C:\Users\chris\.m2\repository\org\hamcrest\hamcrest-core\1.3\hamcrest-core-1.3.jar;C:\Users\chris\.m2\repository\io\rest-assured\rest-assured\4.4.0\rest-assured-4.4.0.jar;C:\Users\chris\.m2\repository\org\codehaus\groovy\groovy\3.0.8\groovy-3.0.8.jar;C:\Users\chris\.m2\repository\org\codehaus\groovy\groovy-xml\3.0.8\groovy-xml-3.0.8.jar;C:\Users\chris\.m2\repository\org\apache\httpcomponents\httpclient\4.5.13\httpclient-4.5.13.jar;C:\Users\chris\.m2\repository\org\apache\httpcomponents\httpcore\4.4.13\httpcore-4.4.13.jar;C:\Users\chris\.m2\repository\commons-logging\commons-logging\1.2\commons-logging-1.2.jar;C:\Users\chris\.m2\repository\commons-codec\commons-codec\1.11\commons-codec-1.11.jar;C:\Users\chris\.m2\repository\org\apache\httpcomponents\httpmime\4.5.13\httpmime-4.5.13.jar;C:\Users\chris\.m2\repository\org\hamcrest\hamcrest\2.1\hamcrest-2.1.jar;C:\Users\chris\.m2\repository\org\ccil\cowan\tagsoup\tagsoup\1.2.1\tagsoup-1.2.1.jar;C:\Users\chris\.m2\repository\io\rest-assured\json-path\4.4.0\json-path-4.4.0.jar;C:\Users\chris\.m2\repository\org\codehaus\groovy\groovy-json\3.0.8\groovy-json-3.0.8.jar;C:\Users\chris\.m2\repository\io\rest-assured\rest-assured-common\4.4.0\rest-assured-common-4.4.0.jar;C:\Users\chris\.m2\repository\io\rest-assured\xml-path\4.4.0\xml-path-4.4.0.jar;C:\Users\chris\.m2\repository\org\apache\commons\commons-lang3\3.11\commons-lang3-3.11.jar;C:\Users\chris\.m2\repository\jakarta\xml\bind\jakarta.xml.bind-api\2.3.3\jakarta.xml.bind-api-2.3.3.jar;C:\Users\chris\.m2\repository\jakarta\activation\jakarta.activation-api\1.2.2\jakarta.activation-api-1.2.2.jar;C:\Users\chris\.m2\repository\com\sun\xml\bind\jaxb-impl\2.3.3\jaxb-impl-2.3.3.jar;C:\Users\chris\.m2\repository\javax\servlet\javax.servlet-api\3.1.0\javax.servlet-api-3.1.0.jar;C:\Users\chris\.m2\repository\asm\asm\3.3.1\asm-3.3.1.jar;C:\Users\chris\.m2\repository\org\mockito\mockito-core\3.12.4\mockito-core-3.12.4.jar;C:\Users\chris\.m2\repository\net\bytebuddy\byte-buddy\1.11.13\byte-buddy-1.11.13.jar;C:\Users\chris\.m2\repository\net\bytebuddy\byte-buddy-agent\1.11.13\byte-buddy-agent-1.11.13.jar;C:\Users\chris\.m2\repository\org\objenesis\objenesis\3.2\objenesis-3.2.jar;C:\Users\chris\.m2\repository\com\sun\jersey\jersey-bundle\1.19.2\jersey-bundle-1.19.2.jar;C:\Users\chris\.m2\repository\javax\ws\rs\jsr311-api\1.1.1\jsr311-api-1.1.1.jar;C:\Users\chris\.m2\repository\org\json\json\20160810\json-20160810.jar;C:\Users\chris\.m2\repository\com\sun\jersey\jersey-server\1.19.2\jersey-server-1.19.2.jar;C:\Users\chris\.m2\repository\com\sun\jersey\jersey-core\1.19.2\jersey-core-1.19.2.jar;C:\Users\chris\.m2\repository\javax\xml\bind\jaxb-api\2.3.1\jaxb-api-2.3.1.jar;C:\Users\chris\.m2\repository\javax\activation\javax.activation-api\1.2.0\javax.activation-api-1.2.0.jar;C:\Users\chris\.m2\repository\mysql\mysql-connector-java\8.0.25\mysql-connector-java-8.0.25.jar;C:\Users\chris\.m2\repository\com\google\protobuf\protobuf-java\3.11.4\protobuf-java-3.11.4.jar;C:\Users\chris\.m2\repository\org\powermock\powermock-api-mockito2\2.0.9\powermock-api-mockito2-2.0.9.jar;C:\Users\chris\.m2\repository\org\powermock\powermock-api-support\2.0.9\powermock-api-support-2.0.9.jar;C:\Users\chris\.m2\repository\org\powermock\powermock-reflect\2.0.9\powermock-reflect-2.0.9.jar;C:\Users\chris\.m2\repository\org\powermock\powermock-core\2.0.9\powermock-core-2.0.9.jar;C:\Users\chris\.m2\repository\org\javassist\javassist\3.27.0-GA\javassist-3.27.0-GA.jar;C:\Users\chris\.m2\repository\org\powermock\powermock-module-junit4\2.0.9\powermock-module-junit4-2.0.9.jar;C:\Users\chris\.m2\repository\org\powermock\powermock-module-junit4-common\2.0.9\powermock-module-junit4-common-2.0.9.jar;C:\Users\chris\.m2\repository\com\fasterxml\jackson\core\jackson-databind\2.9.8\jackson-databind-2.9.8.jar;C:\Users\chris\.m2\repository\com\fasterxml\jackson\core\jackson-annotations\2.9.0\jackson-annotations-2.9.0.jar;C:\Users\chris\.m2\repository\com\fasterxml\jackson\core\jackson-core\2.9.8\jackson-core-2.9.8.jar;C:\Users\chris\.m2\repository\log4j\log4j\1.2.17\log4j-1.2.17.jar;"/>
    <property name="sun.cpu.endian" value="little"/>
    <property name="user.home" value="C:\Users\chris"/>
    <property name="user.language" value="fr"/>
    <property name="java.specification.vendor" value="Oracle Corporation"/>
    <property name="java.version.date" value="2023-01-17"/>
    <property name="java.home" value="C:\Program Files\Eclipse Adoptium\jdk-17.0.6.10-hotspot"/>
    <property name="file.separator" value="\"/>
    <property name="basedir" value="C:\Users\chris\source\repos\Projet_QA"/>
    <property name="java.vm.compressedOopsMode" value="Zero based"/>
    <property name="line.separator" value="&#10;"/>
    <property name="java.vm.specification.vendor" value="Oracle Corporation"/>
    <property name="java.specification.name" value="Java Platform API Specification"/>
    <property name="surefire.real.class.path" value="C:\Users\chris\AppData\Local\Temp\surefire11124398986793635385\surefirebooter-20231202201704158_3.jar"/>
    <property name="user.script" value=""/>
    <property name="sun.management.compiler" value="HotSpot 64-Bit Tiered Compilers"/>
    <property name="java.runtime.version" value="17.0.6+10"/>
    <property name="user.name" value="chris"/>
    <property name="path.separator" value=";"/>
    <property name="os.version" value="10.0"/>
    <property name="java.runtime.name" value="OpenJDK Runtime Environment"/>
    <property name="file.encoding" value="Cp1252"/>
    <property name="java.vm.name" value="OpenJDK 64-Bit Server VM"/>
    <property name="java.vendor.version" value="Temurin-17.0.6+10"/>
    <property name="localRepository" value="C:\Users\chris\.m2\repository"/>
    <property name="java.vendor.url.bug" value="https://github.com/adoptium/adoptium-support/issues"/>
    <property name="java.io.tmpdir" value="C:\Users\chris\AppData\Local\Temp\"/>
    <property name="java.version" value="17.0.6"/>
    <property name="user.dir" value="C:\Users\chris\source\repos\Projet_QA"/>
    <property name="os.arch" value="amd64"/>
    <property name="java.vm.specification.name" value="Java Virtual Machine Specification"/>
    <property name="sun.os.patch.level" value=""/>
    <property name="native.encoding" value="Cp1252"/>
    <property name="java.library.path" value="C:\Program Files\Eclipse Adoptium\jdk-17.0.6.10-hotspot\bin;C:\WINDOWS\Sun\Java\bin;C:\WINDOWS\system32;C:\WINDOWS;C:\Users\chris\bin;C:\Program Files\Git\mingw64\bin;C:\Program Files\Git\usr\local\bin;C:\Program Files\Git\usr\bin;C:\Program Files\Git\usr\bin;C:\Program Files\Git\mingw64\bin;C:\Program Files\Git\usr\bin;C:\Users\chris\bin;C:\Program Files\Eclipse Adoptium\jdk-17.0.6.10-hotspot\bin;C:\Program Files\Common Files\Oracle\Java\javapath;C:\Program Files\Python310\Scripts;C:\Program Files (x86)\Intel\Intel(R) Management Engine Components\iCLS;C:\Program Files\Intel\Intel(R) Management Engine Components\iCLS;C:\Windows\system32;C:\Windows;C:\Windows\System32\Wbem;C:\Windows\System32\WindowsPowerShell\v1.0;C:\Windows\System32\OpenSSH;C:\Program Files (x86)\Intel\Intel(R) Management Engine Components\DAL;C:\Program Files\Intel\Intel(R) Management Engine Components\DAL;C:\Program Files\Intel\WiFi\bin;C:\Program Files\Common Files\Intel\WirelessCommon;C:\Program Files\NVIDIA Corporation\NVIDIA NvDLISR;C:\Program Files (x86)\NVIDIA Corporation\PhysX\Common;C:\WINDOWS\system32;C:\WINDOWS;C:\WINDOWS\System32\Wbem;C:\WINDOWS\System32\WindowsPowerShell\v1.0;C:\WINDOWS\System32\OpenSSH;C:\Users\chris\Desktop\TD2\apache-maven-3.8.5\bin;C:\Users\chris\AppData\Roaming\Python\Python310\Scripts;C:\ProgramData\chocolatey\bin;C:\Program Files\Maven\apache-maven-3.9.0\bin;C:\Program Files\Eclipse Adoptium\jdk-17.0.6.10-hotspot\bin;C:\Program Files\Git\cmd;C:\Program Files\Microsoft SQL Server\150\Tools\Binn;C:\Program Files\Microsoft SQL Server\Client SDK\ODBC\170\Tools\Binn;C:\Program Files\dotnet;C:\Program Files\MySQL\MySQL Server 8.1\bin;C:\Program Files\apache-tomcat-10.1.15\bin;C:\Program Files\Odoo 14.0.20230721\PostgreSQL\bin;C:\Program Files\nodejs;C:\Program Files (x86)\Windows Kits\10\Windows Performance Toolkit;C:\Users\chris\AppData\Local\Programs\Python\Python311\Scripts;C:\Users\chris\AppData\Local\Programs\Python\Python311;C:\Users\chris\AppData\Local\Programs\Python\Launcher;C:\Python310\Scripts;C:\Python310;C:\Users\chris\AppData\Local\Programs\Python\Python310\Scripts;C:\Users\chris\AppData\Local\Programs\Python\Python310;C:\Users\chris\AppData\Local\Microsoft\WindowsApps;C:\Program Files\JetBrains\PyCharm Edu 2019.2\bin;C:\Program Files\JetBrains\IntelliJ IDEA Educational Edition 2019.2\bin;C:\ProgramData\chris\GitHubDesktop\bin;C:\Users\chris\AppData\Local\Microsoft\WindowsApps;C:\program files\apache-maven-3.8.5\bin;C:\Users\chris\AppData\Roaming\Python\Python310\Scripts;C:\Users\chris\AppData\Local\GitHubDesktop\bin;C:\Users\chris\.dotnet\tools;C:\Program Files\MySQL\MySQL Server 8.1\bin;C:\Program Files\Odoo 14.0.20230721\PostgreSQL\bin;C:\Users\chris\AppData\Roaming\npm;C:\Program Files\Git\usr\bin\vendor_perl;C:\Program Files\Git\usr\bin\core_perl;."/>
    <property name="java.vm.info" value="mixed mode, sharing"/>
    <property name="java.vendor" value="Eclipse Adoptium"/>
    <property name="java.vm.version" value="17.0.6+10"/>
    <property name="sun.io.unicode.encoding" value="UnicodeLittle"/>
    <property name="java.class.version" value="61.0"/>
  </properties>
  <testcase name="testGetVoituresJson" classname="esiea.integrationtest.VoitureIntegrationTest" time="0.173">
    <system-out><![CDATA[2023-12-02 20:17:11 DEBUG BasicClientConnectionManager:161 - Get connection for route {}->http://localhost:8080
2023-12-02 20:17:11 DEBUG DefaultClientConnectionOperator:177 - Connecting to localhost:8080
2023-12-02 20:17:11 DEBUG RequestAddCookies:123 - CookieSpec selected: ignoreCookies
2023-12-02 20:17:11 DEBUG RequestAuthCache:77 - Auth cache not set in the context
2023-12-02 20:17:11 DEBUG RequestTargetAuthentication:80 - Target auth state: UNCHALLENGED
2023-12-02 20:17:11 DEBUG RequestProxyAuthentication:89 - Proxy auth state: UNCHALLENGED
2023-12-02 20:17:11 DEBUG DefaultHttpClient:677 - Attempt 1 to execute request
2023-12-02 20:17:11 DEBUG DefaultClientConnection:274 - Sending request: GET /esieaBack/rest/voiture/get/all HTTP/1.1
2023-12-02 20:17:11 DEBUG wire:73 -  >> "GET /esieaBack/rest/voiture/get/all HTTP/1.1[\r][\n]"
2023-12-02 20:17:11 DEBUG wire:73 -  >> "Accept: */*[\r][\n]"
2023-12-02 20:17:11 DEBUG wire:73 -  >> "Host: localhost:8080[\r][\n]"
2023-12-02 20:17:11 DEBUG wire:73 -  >> "Connection: Keep-Alive[\r][\n]"
2023-12-02 20:17:11 DEBUG wire:73 -  >> "User-Agent: Apache-HttpClient/4.5.13 (Java/17.0.6)[\r][\n]"
2023-12-02 20:17:11 DEBUG wire:73 -  >> "Accept-Encoding: gzip,deflate[\r][\n]"
2023-12-02 20:17:11 DEBUG wire:73 -  >> "[\r][\n]"
2023-12-02 20:17:11 DEBUG headers:278 - >> GET /esieaBack/rest/voiture/get/all HTTP/1.1
2023-12-02 20:17:11 DEBUG headers:281 - >> Accept: */*
2023-12-02 20:17:11 DEBUG headers:281 - >> Host: localhost:8080
2023-12-02 20:17:11 DEBUG headers:281 - >> Connection: Keep-Alive
2023-12-02 20:17:11 DEBUG headers:281 - >> User-Agent: Apache-HttpClient/4.5.13 (Java/17.0.6)
2023-12-02 20:17:11 DEBUG headers:281 - >> Accept-Encoding: gzip,deflate
2023-12-02 20:17:11 DEBUG wire:73 -  << "HTTP/1.1 200 [\r][\n]"
2023-12-02 20:17:11 DEBUG wire:73 -  << "Content-Type: application/json[\r][\n]"
2023-12-02 20:17:11 DEBUG wire:73 -  << "Transfer-Encoding: chunked[\r][\n]"
2023-12-02 20:17:11 DEBUG wire:73 -  << "Date: Sat, 02 Dec 2023 19:17:11 GMT[\r][\n]"
2023-12-02 20:17:11 DEBUG wire:73 -  << "Keep-Alive: timeout=20[\r][\n]"
2023-12-02 20:17:11 DEBUG wire:73 -  << "Connection: keep-alive[\r][\n]"
2023-12-02 20:17:11 DEBUG wire:73 -  << "[\r][\n]"
2023-12-02 20:17:11 DEBUG DefaultClientConnection:259 - Receiving response: HTTP/1.1 200 
2023-12-02 20:17:11 DEBUG headers:262 - << HTTP/1.1 200 
2023-12-02 20:17:11 DEBUG headers:265 - << Content-Type: application/json
2023-12-02 20:17:11 DEBUG headers:265 - << Transfer-Encoding: chunked
2023-12-02 20:17:11 DEBUG headers:265 - << Date: Sat, 02 Dec 2023 19:17:11 GMT
2023-12-02 20:17:11 DEBUG headers:265 - << Keep-Alive: timeout=20
2023-12-02 20:17:11 DEBUG headers:265 - << Connection: keep-alive
2023-12-02 20:17:11 DEBUG DefaultHttpClient:504 - Connection can be kept alive for 20000 MILLISECONDS
2023-12-02 20:17:11 DEBUG RequestSpecificationImpl$RestAssuredHttpBuilder:545 - Parsing response as: application/json
2023-12-02 20:17:11 DEBUG RequestSpecificationImpl$RestAssuredHttpBuilder:548 - Parsed data to instance of: class org.apache.http.conn.EofSensorInputStream
2023-12-02 20:17:11 DEBUG wire:73 -  << "949[\r][\n]"
2023-12-02 20:17:11 DEBUG wire:87 -  << "{"volume":16,"voitures":["{\"id\":2,\"marque\":\"Peugeot\",\"modele\":\"3008\",\"finition\":\"Allure\",\"carburant\":\"DIESEL\",\"km\":4,\"annee\":2020,\"prix\":38000}","{\"id\":3,\"marque\":\"Renault\",\"modele\":\"M[0xc3][0x9a]gane\",\"finition\":\"Dynamique\",\"carburant\":\"ESSENCE\",\"km\":133000,\"annee\":2007,\"prix\":3100}","{\"id\":4,\"marque\":\"Opel\",\"modele\":\"Corsa\",\"finition\":\"Elegance\",\"carburant\":\"ESSENCE\",\"km\":140,\"annee\":0,\"prix\":0}","{\"id\":5,\"marque\":\"Audi\",\"modele\":\"R8\",\"finition\":\"Black edition\",\"carburant\":\"ESSENCE\",\"km\":68000,\"annee\":2009,\"prix\":50000}","{\"id\":6,\"marque\":\"BMW\",\"modele\":\"F30\",\"finition\":\"Lounge\",\"carburant\":\"ESSENCE\",\"km\":210000,\"annee\":2014,\"prix\":23990}","{\"id\":7,\"marque\":\"Renault\",\"modele\":\"VelSatis\",\"finition\":\"Initiale\",\"carburant\":\"DIESEL\",\"km\":174000,\"annee\":2006,\"prix\":3000}","{\"id\":8,\"marque\":\"Volvo\",\"modele\":\"V60\",\"finition\":\"Inscription\",\"carburant\":\"DIESEL\",\"km\":80674,\"annee\":2016,\"prix\":12890}","{\"id\":9,\"marque\":\"DS\",\"modele\":\"DS5\",\"finition\":\"Sport chic\",\"carburant\":\"HYBRIDE\",\"km\":111111,\"annee\":2018,\"prix\":14590}","{\"id\":13,\"marque\":\"oyota\",\"modele\":\"Camry\",\"finition\":\"LE\",\"carburant\":\"ESSENCE\",\"km\":50000,\"annee\":2022,\"prix\":25000}","{\"id\":14,\"marque\":\"ota\",\"modele\":\"Camry\",\"finition\":\"LE\",\"carburant\":\"ESSENCE\",\"km\":50000,\"annee\":2022,\"prix\":25000}","{\"id\":15,\"marque\":\"Toyota\",\"modele\":\"Camry\",\"finition\":\"LE\",\"carburant\":\"ESSENCE\",\"km\":50000,\"annee\":2022,\"prix\":25000}","{\"id\":16,\"marque\":\"Toyota\",\"modele\":\"Camry\",\"finition\":\"LE\",\"carburant\":\"ESSENCE\",\"km\":50000,\"annee\":2022,\"prix\":25000}","{\"id\":17,\"marque\":\"Toyota\",\"modele\":\"Camry\",\"finition\":\"LE\",\"carburant\":\"ESSENCE\",\"km\":50000,\"annee\":2022,\"prix\":25000}","{\"id\":18,\"marque\":\"Toyota\",\"modele\":\"Camry\",\"finition\":\"LE\",\"carburant\":\"ESSENCE\",\"km\":50000,\"annee\":2022,\"prix\":25000}","{\"id\":19,\"marque\":\"Toyota\",\"modele\":\"Camry\",\"finition\":\"LE\",\"carburant\":\"ESSENCE\",\"km\":50000,\"annee\":2022,\"prix\":25000}","{\"id\":20,\"marque\":\"Toyota\",\"modele\":\"Camry\",\"finition\":\"LE\",\"carburant\":\"ESSENCE\",\"km\":50000,\"annee\":2022,\"prix\":25000}"]}"
2023-12-02 20:17:11 DEBUG wire:73 -  << "[\r][\n]"
2023-12-02 20:17:11 DEBUG wire:73 -  << "0[\r][\n]"
2023-12-02 20:17:11 DEBUG wire:73 -  << "[\r][\n]"
2023-12-02 20:17:11 DEBUG BasicClientConnectionManager:200 - Releasing connection org.apache.http.impl.conn.ManagedClientConnectionImpl@5a83be9
2023-12-02 20:17:11 DEBUG BasicClientConnectionManager:225 - Connection can be kept alive for 20000 MILLISECONDS
HTTP/1.1 200 
Content-Type: application/json
Transfer-Encoding: chunked
Date: Sat, 02 Dec 2023 19:17:11 GMT
Keep-Alive: timeout=20
Connection: keep-alive

{
    "volume": 16,
    "voitures": [
        "{\"id\":2,\"marque\":\"Peugeot\",\"modele\":\"3008\",\"finition\":\"Allure\",\"carburant\":\"DIESEL\",\"km\":4,\"annee\":2020,\"prix\":38000}",
        "{\"id\":3,\"marque\":\"Renault\",\"modele\":\"MÚgane\",\"finition\":\"Dynamique\",\"carburant\":\"ESSENCE\",\"km\":133000,\"annee\":2007,\"prix\":3100}",
        "{\"id\":4,\"marque\":\"Opel\",\"modele\":\"Corsa\",\"finition\":\"Elegance\",\"carburant\":\"ESSENCE\",\"km\":140,\"annee\":0,\"prix\":0}",
        "{\"id\":5,\"marque\":\"Audi\",\"modele\":\"R8\",\"finition\":\"Black edition\",\"carburant\":\"ESSENCE\",\"km\":68000,\"annee\":2009,\"prix\":50000}",
        "{\"id\":6,\"marque\":\"BMW\",\"modele\":\"F30\",\"finition\":\"Lounge\",\"carburant\":\"ESSENCE\",\"km\":210000,\"annee\":2014,\"prix\":23990}",
        "{\"id\":7,\"marque\":\"Renault\",\"modele\":\"VelSatis\",\"finition\":\"Initiale\",\"carburant\":\"DIESEL\",\"km\":174000,\"annee\":2006,\"prix\":3000}",
        "{\"id\":8,\"marque\":\"Volvo\",\"modele\":\"V60\",\"finition\":\"Inscription\",\"carburant\":\"DIESEL\",\"km\":80674,\"annee\":2016,\"prix\":12890}",
        "{\"id\":9,\"marque\":\"DS\",\"modele\":\"DS5\",\"finition\":\"Sport chic\",\"carburant\":\"HYBRIDE\",\"km\":111111,\"annee\":2018,\"prix\":14590}",
        "{\"id\":13,\"marque\":\"oyota\",\"modele\":\"Camry\",\"finition\":\"LE\",\"carburant\":\"ESSENCE\",\"km\":50000,\"annee\":2022,\"prix\":25000}",
        "{\"id\":14,\"marque\":\"ota\",\"modele\":\"Camry\",\"finition\":\"LE\",\"carburant\":\"ESSENCE\",\"km\":50000,\"annee\":2022,\"prix\":25000}",
        "{\"id\":15,\"marque\":\"Toyota\",\"modele\":\"Camry\",\"finition\":\"LE\",\"carburant\":\"ESSENCE\",\"km\":50000,\"annee\":2022,\"prix\":25000}",
        "{\"id\":16,\"marque\":\"Toyota\",\"modele\":\"Camry\",\"finition\":\"LE\",\"carburant\":\"ESSENCE\",\"km\":50000,\"annee\":2022,\"prix\":25000}",
        "{\"id\":17,\"marque\":\"Toyota\",\"modele\":\"Camry\",\"finition\":\"LE\",\"carburant\":\"ESSENCE\",\"km\":50000,\"annee\":2022,\"prix\":25000}",
        "{\"id\":18,\"marque\":\"Toyota\",\"modele\":\"Camry\",\"finition\":\"LE\",\"carburant\":\"ESSENCE\",\"km\":50000,\"annee\":2022,\"prix\":25000}",
        "{\"id\":19,\"marque\":\"Toyota\",\"modele\":\"Camry\",\"finition\":\"LE\",\"carburant\":\"ESSENCE\",\"km\":50000,\"annee\":2022,\"prix\":25000}",
        "{\"id\":20,\"marque\":\"Toyota\",\"modele\":\"Camry\",\"finition\":\"LE\",\"carburant\":\"ESSENCE\",\"km\":50000,\"annee\":2022,\"prix\":25000}"
    ]
}
]]></system-out>
  </testcase>
  <testcase name="testGetVoitureById" classname="esiea.integrationtest.VoitureIntegrationTest" time="0.091">
    <system-out><![CDATA[2023-12-02 20:17:11 DEBUG BasicClientConnectionManager:161 - Get connection for route {}->http://localhost:8080
2023-12-02 20:17:11 DEBUG DefaultClientConnectionOperator:177 - Connecting to localhost:8080
2023-12-02 20:17:11 DEBUG RequestAddCookies:123 - CookieSpec selected: ignoreCookies
2023-12-02 20:17:11 DEBUG RequestAuthCache:77 - Auth cache not set in the context
2023-12-02 20:17:11 DEBUG RequestTargetAuthentication:80 - Target auth state: UNCHALLENGED
2023-12-02 20:17:11 DEBUG RequestProxyAuthentication:89 - Proxy auth state: UNCHALLENGED
2023-12-02 20:17:11 DEBUG DefaultHttpClient:677 - Attempt 1 to execute request
2023-12-02 20:17:11 DEBUG DefaultClientConnection:274 - Sending request: GET /esieaBack/rest/voiture/get/2 HTTP/1.1
2023-12-02 20:17:11 DEBUG wire:73 -  >> "GET /esieaBack/rest/voiture/get/2 HTTP/1.1[\r][\n]"
2023-12-02 20:17:11 DEBUG wire:73 -  >> "Accept: */*[\r][\n]"
2023-12-02 20:17:11 DEBUG wire:73 -  >> "Host: localhost:8080[\r][\n]"
2023-12-02 20:17:11 DEBUG wire:73 -  >> "Connection: Keep-Alive[\r][\n]"
2023-12-02 20:17:11 DEBUG wire:73 -  >> "User-Agent: Apache-HttpClient/4.5.13 (Java/17.0.6)[\r][\n]"
2023-12-02 20:17:11 DEBUG wire:73 -  >> "Accept-Encoding: gzip,deflate[\r][\n]"
2023-12-02 20:17:11 DEBUG wire:73 -  >> "[\r][\n]"
2023-12-02 20:17:11 DEBUG headers:278 - >> GET /esieaBack/rest/voiture/get/2 HTTP/1.1
2023-12-02 20:17:11 DEBUG headers:281 - >> Accept: */*
2023-12-02 20:17:11 DEBUG headers:281 - >> Host: localhost:8080
2023-12-02 20:17:11 DEBUG headers:281 - >> Connection: Keep-Alive
2023-12-02 20:17:11 DEBUG headers:281 - >> User-Agent: Apache-HttpClient/4.5.13 (Java/17.0.6)
2023-12-02 20:17:11 DEBUG headers:281 - >> Accept-Encoding: gzip,deflate
2023-12-02 20:17:11 DEBUG wire:73 -  << "HTTP/1.1 200 [\r][\n]"
2023-12-02 20:17:11 DEBUG wire:73 -  << "Content-Type: application/json[\r][\n]"
2023-12-02 20:17:11 DEBUG wire:73 -  << "Transfer-Encoding: chunked[\r][\n]"
2023-12-02 20:17:11 DEBUG wire:73 -  << "Date: Sat, 02 Dec 2023 19:17:11 GMT[\r][\n]"
2023-12-02 20:17:11 DEBUG wire:73 -  << "Keep-Alive: timeout=20[\r][\n]"
2023-12-02 20:17:11 DEBUG wire:73 -  << "Connection: keep-alive[\r][\n]"
2023-12-02 20:17:11 DEBUG wire:73 -  << "[\r][\n]"
2023-12-02 20:17:11 DEBUG DefaultClientConnection:259 - Receiving response: HTTP/1.1 200 
2023-12-02 20:17:11 DEBUG headers:262 - << HTTP/1.1 200 
2023-12-02 20:17:11 DEBUG headers:265 - << Content-Type: application/json
2023-12-02 20:17:11 DEBUG headers:265 - << Transfer-Encoding: chunked
2023-12-02 20:17:11 DEBUG headers:265 - << Date: Sat, 02 Dec 2023 19:17:11 GMT
2023-12-02 20:17:11 DEBUG headers:265 - << Keep-Alive: timeout=20
2023-12-02 20:17:11 DEBUG headers:265 - << Connection: keep-alive
2023-12-02 20:17:11 DEBUG DefaultHttpClient:504 - Connection can be kept alive for 20000 MILLISECONDS
2023-12-02 20:17:11 DEBUG RequestSpecificationImpl$RestAssuredHttpBuilder:545 - Parsing response as: application/json
2023-12-02 20:17:11 DEBUG RequestSpecificationImpl$RestAssuredHttpBuilder:548 - Parsed data to instance of: class org.apache.http.conn.EofSensorInputStream
2023-12-02 20:17:11 DEBUG wire:73 -  << "a6[\r][\n]"
2023-12-02 20:17:11 DEBUG wire:87 -  << "{"volume":1,"voiture":"{\"id\":2,\"marque\":\"Peugeot\",\"modele\":\"3008\",\"finition\":\"Allure\",\"carburant\":\"DIESEL\",\"km\":4,\"annee\":2020,\"prix\":38000}"}"
2023-12-02 20:17:11 DEBUG wire:73 -  << "[\r][\n]"
2023-12-02 20:17:11 DEBUG wire:73 -  << "0[\r][\n]"
2023-12-02 20:17:11 DEBUG wire:73 -  << "[\r][\n]"
2023-12-02 20:17:11 DEBUG BasicClientConnectionManager:200 - Releasing connection org.apache.http.impl.conn.ManagedClientConnectionImpl@7fa1004
2023-12-02 20:17:11 DEBUG BasicClientConnectionManager:225 - Connection can be kept alive for 20000 MILLISECONDS
HTTP/1.1 200 
Content-Type: application/json
Transfer-Encoding: chunked
Date: Sat, 02 Dec 2023 19:17:11 GMT
Keep-Alive: timeout=20
Connection: keep-alive

{
    "volume": 1,
    "voiture": "{\"id\":2,\"marque\":\"Peugeot\",\"modele\":\"3008\",\"finition\":\"Allure\",\"carburant\":\"DIESEL\",\"km\":4,\"annee\":2020,\"prix\":38000}"
}
]]></system-out>
  </testcase>
  <testcase name="testSupprimerVoiture" classname="esiea.integrationtest.VoitureIntegrationTest" time="0.104">
    <system-out><![CDATA[2023-12-02 20:17:11 DEBUG BasicClientConnectionManager:161 - Get connection for route {}->http://localhost:8080
2023-12-02 20:17:11 DEBUG DefaultClientConnectionOperator:177 - Connecting to localhost:8080
2023-12-02 20:17:11 DEBUG RequestAddCookies:123 - CookieSpec selected: ignoreCookies
2023-12-02 20:17:11 DEBUG RequestAuthCache:77 - Auth cache not set in the context
2023-12-02 20:17:11 DEBUG RequestTargetAuthentication:80 - Target auth state: UNCHALLENGED
2023-12-02 20:17:11 DEBUG RequestProxyAuthentication:89 - Proxy auth state: UNCHALLENGED
2023-12-02 20:17:11 DEBUG DefaultHttpClient:677 - Attempt 1 to execute request
2023-12-02 20:17:11 DEBUG DefaultClientConnection:274 - Sending request: POST /esieaBack/rest/voiture/del HTTP/1.1
2023-12-02 20:17:11 DEBUG wire:73 -  >> "POST /esieaBack/rest/voiture/del HTTP/1.1[\r][\n]"
2023-12-02 20:17:11 DEBUG wire:73 -  >> "Accept: */*[\r][\n]"
2023-12-02 20:17:11 DEBUG wire:73 -  >> "Content-Type: application/json[\r][\n]"
2023-12-02 20:17:11 DEBUG wire:73 -  >> "Content-Length: 1[\r][\n]"
2023-12-02 20:17:11 DEBUG wire:73 -  >> "Host: localhost:8080[\r][\n]"
2023-12-02 20:17:11 DEBUG wire:73 -  >> "Connection: Keep-Alive[\r][\n]"
2023-12-02 20:17:11 DEBUG wire:73 -  >> "User-Agent: Apache-HttpClient/4.5.13 (Java/17.0.6)[\r][\n]"
2023-12-02 20:17:11 DEBUG wire:73 -  >> "Accept-Encoding: gzip,deflate[\r][\n]"
2023-12-02 20:17:11 DEBUG wire:73 -  >> "[\r][\n]"
2023-12-02 20:17:11 DEBUG headers:278 - >> POST /esieaBack/rest/voiture/del HTTP/1.1
2023-12-02 20:17:11 DEBUG headers:281 - >> Accept: */*
2023-12-02 20:17:11 DEBUG headers:281 - >> Content-Type: application/json
2023-12-02 20:17:11 DEBUG headers:281 - >> Content-Length: 1
2023-12-02 20:17:11 DEBUG headers:281 - >> Host: localhost:8080
2023-12-02 20:17:11 DEBUG headers:281 - >> Connection: Keep-Alive
2023-12-02 20:17:11 DEBUG headers:281 - >> User-Agent: Apache-HttpClient/4.5.13 (Java/17.0.6)
2023-12-02 20:17:11 DEBUG headers:281 - >> Accept-Encoding: gzip,deflate
2023-12-02 20:17:11 DEBUG wire:87 -  >> "1"
2023-12-02 20:17:11 DEBUG wire:73 -  << "HTTP/1.1 200 [\r][\n]"
2023-12-02 20:17:11 DEBUG wire:73 -  << "Content-Type: application/json[\r][\n]"
2023-12-02 20:17:11 DEBUG wire:73 -  << "Transfer-Encoding: chunked[\r][\n]"
2023-12-02 20:17:11 DEBUG wire:73 -  << "Date: Sat, 02 Dec 2023 19:17:11 GMT[\r][\n]"
2023-12-02 20:17:11 DEBUG wire:73 -  << "Keep-Alive: timeout=20[\r][\n]"
2023-12-02 20:17:11 DEBUG wire:73 -  << "Connection: keep-alive[\r][\n]"
2023-12-02 20:17:11 DEBUG wire:73 -  << "[\r][\n]"
2023-12-02 20:17:11 DEBUG DefaultClientConnection:259 - Receiving response: HTTP/1.1 200 
2023-12-02 20:17:11 DEBUG headers:262 - << HTTP/1.1 200 
2023-12-02 20:17:11 DEBUG headers:265 - << Content-Type: application/json
2023-12-02 20:17:11 DEBUG headers:265 - << Transfer-Encoding: chunked
2023-12-02 20:17:11 DEBUG headers:265 - << Date: Sat, 02 Dec 2023 19:17:11 GMT
2023-12-02 20:17:11 DEBUG headers:265 - << Keep-Alive: timeout=20
2023-12-02 20:17:11 DEBUG headers:265 - << Connection: keep-alive
2023-12-02 20:17:11 DEBUG DefaultHttpClient:504 - Connection can be kept alive for 20000 MILLISECONDS
2023-12-02 20:17:11 DEBUG RequestSpecificationImpl$RestAssuredHttpBuilder:545 - Parsing response as: application/json
2023-12-02 20:17:11 DEBUG RequestSpecificationImpl$RestAssuredHttpBuilder:548 - Parsed data to instance of: class org.apache.http.conn.EofSensorInputStream
2023-12-02 20:17:11 DEBUG wire:73 -  << "f[\r][\n]"
2023-12-02 20:17:11 DEBUG wire:87 -  << "{"succes":true}"
2023-12-02 20:17:11 DEBUG wire:73 -  << "[\r][\n]"
2023-12-02 20:17:11 DEBUG wire:73 -  << "0[\r][\n]"
2023-12-02 20:17:11 DEBUG wire:73 -  << "[\r][\n]"
2023-12-02 20:17:11 DEBUG BasicClientConnectionManager:200 - Releasing connection org.apache.http.impl.conn.ManagedClientConnectionImpl@27cc72fb
2023-12-02 20:17:11 DEBUG BasicClientConnectionManager:225 - Connection can be kept alive for 20000 MILLISECONDS
]]></system-out>
  </testcase>
  <testcase name="testInvalidAjouterVoiture" classname="esiea.integrationtest.VoitureIntegrationTest" time="0.044">
    <system-out><![CDATA[2023-12-02 20:17:11 DEBUG BasicClientConnectionManager:161 - Get connection for route {}->http://localhost:8080
2023-12-02 20:17:11 DEBUG DefaultClientConnectionOperator:177 - Connecting to localhost:8080
2023-12-02 20:17:11 DEBUG RequestAddCookies:123 - CookieSpec selected: ignoreCookies
2023-12-02 20:17:11 DEBUG RequestAuthCache:77 - Auth cache not set in the context
2023-12-02 20:17:11 DEBUG RequestTargetAuthentication:80 - Target auth state: UNCHALLENGED
2023-12-02 20:17:11 DEBUG RequestProxyAuthentication:89 - Proxy auth state: UNCHALLENGED
2023-12-02 20:17:11 DEBUG DefaultHttpClient:677 - Attempt 1 to execute request
2023-12-02 20:17:11 DEBUG DefaultClientConnection:274 - Sending request: POST /esieaBack/rest/voiture/add HTTP/1.1
2023-12-02 20:17:11 DEBUG wire:73 -  >> "POST /esieaBack/rest/voiture/add HTTP/1.1[\r][\n]"
2023-12-02 20:17:11 DEBUG wire:73 -  >> "Accept: */*[\r][\n]"
2023-12-02 20:17:11 DEBUG wire:73 -  >> "Content-Type: text/plain; charset=ISO-8859-1[\r][\n]"
2023-12-02 20:17:11 DEBUG wire:73 -  >> "Content-Length: 115[\r][\n]"
2023-12-02 20:17:11 DEBUG wire:73 -  >> "Host: localhost:8080[\r][\n]"
2023-12-02 20:17:11 DEBUG wire:73 -  >> "Connection: Keep-Alive[\r][\n]"
2023-12-02 20:17:11 DEBUG wire:73 -  >> "User-Agent: Apache-HttpClient/4.5.13 (Java/17.0.6)[\r][\n]"
2023-12-02 20:17:11 DEBUG wire:73 -  >> "Accept-Encoding: gzip,deflate[\r][\n]"
2023-12-02 20:17:11 DEBUG wire:73 -  >> "[\r][\n]"
2023-12-02 20:17:11 DEBUG headers:278 - >> POST /esieaBack/rest/voiture/add HTTP/1.1
2023-12-02 20:17:11 DEBUG headers:281 - >> Accept: */*
2023-12-02 20:17:11 DEBUG headers:281 - >> Content-Type: text/plain; charset=ISO-8859-1
2023-12-02 20:17:11 DEBUG headers:281 - >> Content-Length: 115
2023-12-02 20:17:11 DEBUG headers:281 - >> Host: localhost:8080
2023-12-02 20:17:11 DEBUG headers:281 - >> Connection: Keep-Alive
2023-12-02 20:17:11 DEBUG headers:281 - >> User-Agent: Apache-HttpClient/4.5.13 (Java/17.0.6)
2023-12-02 20:17:11 DEBUG headers:281 - >> Accept-Encoding: gzip,deflate
2023-12-02 20:17:11 DEBUG wire:87 -  >> "{"marque":"Testsinvalid","modele":"Camry","finition":"","carburant":"ESSENCE","km":10000,"annee":2020,"prix":25000}"
2023-12-02 20:17:11 DEBUG wire:73 -  << "HTTP/1.1 200 [\r][\n]"
2023-12-02 20:17:11 DEBUG wire:73 -  << "Content-Type: application/json[\r][\n]"
2023-12-02 20:17:11 DEBUG wire:73 -  << "Transfer-Encoding: chunked[\r][\n]"
2023-12-02 20:17:11 DEBUG wire:73 -  << "Date: Sat, 02 Dec 2023 19:17:11 GMT[\r][\n]"
2023-12-02 20:17:11 DEBUG wire:73 -  << "Keep-Alive: timeout=20[\r][\n]"
2023-12-02 20:17:11 DEBUG wire:73 -  << "Connection: keep-alive[\r][\n]"
2023-12-02 20:17:11 DEBUG wire:73 -  << "[\r][\n]"
2023-12-02 20:17:11 DEBUG DefaultClientConnection:259 - Receiving response: HTTP/1.1 200 
2023-12-02 20:17:11 DEBUG headers:262 - << HTTP/1.1 200 
2023-12-02 20:17:11 DEBUG headers:265 - << Content-Type: application/json
2023-12-02 20:17:11 DEBUG headers:265 - << Transfer-Encoding: chunked
2023-12-02 20:17:11 DEBUG headers:265 - << Date: Sat, 02 Dec 2023 19:17:11 GMT
2023-12-02 20:17:11 DEBUG headers:265 - << Keep-Alive: timeout=20
2023-12-02 20:17:11 DEBUG headers:265 - << Connection: keep-alive
2023-12-02 20:17:11 DEBUG DefaultHttpClient:504 - Connection can be kept alive for 20000 MILLISECONDS
2023-12-02 20:17:11 DEBUG RequestSpecificationImpl$RestAssuredHttpBuilder:545 - Parsing response as: application/json
2023-12-02 20:17:11 DEBUG RequestSpecificationImpl$RestAssuredHttpBuilder:548 - Parsed data to instance of: class org.apache.http.conn.EofSensorInputStream
2023-12-02 20:17:11 DEBUG wire:73 -  << "10[\r][\n]"
2023-12-02 20:17:11 DEBUG wire:87 -  << "{"succes":false}"
2023-12-02 20:17:11 DEBUG wire:73 -  << "[\r][\n]"
2023-12-02 20:17:11 DEBUG wire:73 -  << "0[\r][\n]"
2023-12-02 20:17:11 DEBUG wire:73 -  << "[\r][\n]"
2023-12-02 20:17:11 DEBUG BasicClientConnectionManager:200 - Releasing connection org.apache.http.impl.conn.ManagedClientConnectionImpl@4276bd6
2023-12-02 20:17:11 DEBUG BasicClientConnectionManager:225 - Connection can be kept alive for 20000 MILLISECONDS
HTTP/1.1 200 
Content-Type: application/json
Transfer-Encoding: chunked
Date: Sat, 02 Dec 2023 19:17:11 GMT
Keep-Alive: timeout=20
Connection: keep-alive

{
    "succes": false
}
]]></system-out>
  </testcase>
  <testcase name="testAjouterVoiture" classname="esiea.integrationtest.VoitureIntegrationTest" time="0.31">
    <system-out><![CDATA[2023-12-02 20:17:11 DEBUG DefaultClientConnection:180 - Connection 0.0.0.0:64960<->127.0.0.1:8080 closed
2023-12-02 20:17:11 DEBUG DefaultClientConnection:180 - Connection 0.0.0.0:64958<->127.0.0.1:8080 closed
2023-12-02 20:17:11 DEBUG DefaultClientConnection:180 - Connection 0.0.0.0:64964<->127.0.0.1:8080 closed
2023-12-02 20:17:11 DEBUG DefaultClientConnection:180 - Connection 0.0.0.0:64962<->127.0.0.1:8080 closed
2023-12-02 20:17:12 DEBUG BasicClientConnectionManager:161 - Get connection for route {}->http://localhost:8080
2023-12-02 20:17:12 DEBUG DefaultClientConnectionOperator:177 - Connecting to localhost:8080
2023-12-02 20:17:12 DEBUG RequestAddCookies:123 - CookieSpec selected: ignoreCookies
2023-12-02 20:17:12 DEBUG RequestAuthCache:77 - Auth cache not set in the context
2023-12-02 20:17:12 DEBUG RequestTargetAuthentication:80 - Target auth state: UNCHALLENGED
2023-12-02 20:17:12 DEBUG RequestProxyAuthentication:89 - Proxy auth state: UNCHALLENGED
2023-12-02 20:17:12 DEBUG DefaultHttpClient:677 - Attempt 1 to execute request
2023-12-02 20:17:12 DEBUG DefaultClientConnection:274 - Sending request: POST /esieaBack/rest/voiture/add HTTP/1.1
2023-12-02 20:17:12 DEBUG wire:73 -  >> "POST /esieaBack/rest/voiture/add HTTP/1.1[\r][\n]"
2023-12-02 20:17:12 DEBUG wire:73 -  >> "Accept: */*[\r][\n]"
2023-12-02 20:17:12 DEBUG wire:73 -  >> "Content-Type: text/plain; charset=ISO-8859-1[\r][\n]"
2023-12-02 20:17:12 DEBUG wire:73 -  >> "Content-Length: 125[\r][\n]"
2023-12-02 20:17:12 DEBUG wire:73 -  >> "Host: localhost:8080[\r][\n]"
2023-12-02 20:17:12 DEBUG wire:73 -  >> "Connection: Keep-Alive[\r][\n]"
2023-12-02 20:17:12 DEBUG wire:73 -  >> "User-Agent: Apache-HttpClient/4.5.13 (Java/17.0.6)[\r][\n]"
2023-12-02 20:17:12 DEBUG wire:73 -  >> "Accept-Encoding: gzip,deflate[\r][\n]"
2023-12-02 20:17:12 DEBUG wire:73 -  >> "[\r][\n]"
2023-12-02 20:17:12 DEBUG headers:278 - >> POST /esieaBack/rest/voiture/add HTTP/1.1
2023-12-02 20:17:12 DEBUG headers:281 - >> Accept: */*
2023-12-02 20:17:12 DEBUG headers:281 - >> Content-Type: text/plain; charset=ISO-8859-1
2023-12-02 20:17:12 DEBUG headers:281 - >> Content-Length: 125
2023-12-02 20:17:12 DEBUG headers:281 - >> Host: localhost:8080
2023-12-02 20:17:12 DEBUG headers:281 - >> Connection: Keep-Alive
2023-12-02 20:17:12 DEBUG headers:281 - >> User-Agent: Apache-HttpClient/4.5.13 (Java/17.0.6)
2023-12-02 20:17:12 DEBUG headers:281 - >> Accept-Encoding: gzip,deflate
2023-12-02 20:17:12 DEBUG wire:87 -  >> "{"id":0,"marque":"Testsdd","modele":"Camry","finition":"Standard","carburant":"ESSENCE","km":10000,"annee":2020,"prix":25000}"
2023-12-02 20:17:12 DEBUG wire:73 -  << "HTTP/1.1 200 [\r][\n]"
2023-12-02 20:17:12 DEBUG wire:73 -  << "Content-Type: application/json[\r][\n]"
2023-12-02 20:17:12 DEBUG wire:73 -  << "Transfer-Encoding: chunked[\r][\n]"
2023-12-02 20:17:12 DEBUG wire:73 -  << "Date: Sat, 02 Dec 2023 19:17:11 GMT[\r][\n]"
2023-12-02 20:17:12 DEBUG wire:73 -  << "Keep-Alive: timeout=20[\r][\n]"
2023-12-02 20:17:12 DEBUG wire:73 -  << "Connection: keep-alive[\r][\n]"
2023-12-02 20:17:12 DEBUG wire:73 -  << "[\r][\n]"
2023-12-02 20:17:12 DEBUG DefaultClientConnection:259 - Receiving response: HTTP/1.1 200 
2023-12-02 20:17:12 DEBUG headers:262 - << HTTP/1.1 200 
2023-12-02 20:17:12 DEBUG headers:265 - << Content-Type: application/json
2023-12-02 20:17:12 DEBUG headers:265 - << Transfer-Encoding: chunked
2023-12-02 20:17:12 DEBUG headers:265 - << Date: Sat, 02 Dec 2023 19:17:11 GMT
2023-12-02 20:17:12 DEBUG headers:265 - << Keep-Alive: timeout=20
2023-12-02 20:17:12 DEBUG headers:265 - << Connection: keep-alive
2023-12-02 20:17:12 DEBUG DefaultHttpClient:504 - Connection can be kept alive for 20000 MILLISECONDS
2023-12-02 20:17:12 DEBUG RequestSpecificationImpl$RestAssuredHttpBuilder:545 - Parsing response as: application/json
2023-12-02 20:17:12 DEBUG RequestSpecificationImpl$RestAssuredHttpBuilder:548 - Parsed data to instance of: class org.apache.http.conn.EofSensorInputStream
2023-12-02 20:17:12 DEBUG wire:73 -  << "10[\r][\n]"
2023-12-02 20:17:12 DEBUG wire:87 -  << "{"succes":false}"
2023-12-02 20:17:12 DEBUG wire:73 -  << "[\r][\n]"
2023-12-02 20:17:12 DEBUG wire:73 -  << "0[\r][\n]"
2023-12-02 20:17:12 DEBUG wire:73 -  << "[\r][\n]"
2023-12-02 20:17:12 DEBUG BasicClientConnectionManager:200 - Releasing connection org.apache.http.impl.conn.ManagedClientConnectionImpl@22e7efe
2023-12-02 20:17:12 DEBUG BasicClientConnectionManager:225 - Connection can be kept alive for 20000 MILLISECONDS
HTTP/1.1 200 
Content-Type: application/json
Transfer-Encoding: chunked
Date: Sat, 02 Dec 2023 19:17:11 GMT
Keep-Alive: timeout=20
Connection: keep-alive

{
    "succes": false
}
]]></system-out>
  </testcase>
</testsuite>